[s6-init] making user provided files available at /var/run/s6/etc...exited 0.
[s6-init] ensuring user provided files have correct perms...exited 0.
[fix-attrs.d] applying ownership & permissions fixes...
[fix-attrs.d] done.
[cont-init.d] executing container initialization scripts...
[cont-init.d] done.
[services.d] starting services
[services.d] done.
/opt/bin/serf agent --join ha --tag role=backend
==> Starting Serf agent...
==> Starting Serf agent RPC...
==> Serf agent running!
         Node name: 'bd4ea2c7b5c3'
         Bind addr: '0.0.0.0:7946'
          RPC addr: '127.0.0.1:7373'
         Encrypted: false
          Snapshot: false
           Profile: lan
==> Joining cluster...(replay: false)
Application started
    Join completed. Synced with 1 initial agents

==> Log data will now stream in as it occurs:

    2019/12/25 15:28:29 [INFO] agent: Serf agent starting
    2019/12/25 15:28:29 [INFO] serf: EventMemberJoin: bd4ea2c7b5c3 192.168.42.11
    2019/12/25 15:28:29 [INFO] agent: joining: [ha] replay: false
    2019/12/25 15:28:30 [INFO] serf: EventMemberJoin: b665d43cc8f7 192.168.42.42
    2019/12/25 15:28:30 [INFO] agent: joined: 1 nodes
[0mHEAD / [32m200 [0m6.842 ms - 114[0m
    2019/12/25 15:28:31 [INFO] serf: EventMemberJoin: c52cca06ae00 192.168.42.22
    2019/12/25 15:28:32 [INFO] agent: Received event: member-join
[0mHEAD / [32m200 [0m3.118 ms - 114[0m
[0mHEAD / [32m200 [0m1.935 ms - 114[0m
[0mHEAD / [32m200 [0m2.068 ms - 114[0m
[0mHEAD / [32m200 [0m1.403 ms - 114[0m
[0mHEAD / [32m200 [0m2.512 ms - 114[0m
[0mHEAD / [32m200 [0m1.839 ms - 114[0m
[0mHEAD / [32m200 [0m1.982 ms - 114[0m
[0mHEAD / [32m200 [0m1.881 ms - 114[0m
[0mHEAD / [32m200 [0m1.956 ms - 114[0m
[0mHEAD / [32m200 [0m1.952 ms - 114[0m
[0mHEAD / [32m200 [0m1.924 ms - 114[0m
[0mHEAD / [32m200 [0m2.047 ms - 114[0m
[0mHEAD / [32m200 [0m1.629 ms - 114[0m
[0mHEAD / [32m200 [0m1.919 ms - 114[0m
[0mHEAD / [32m200 [0m1.724 ms - 114[0m
[0mHEAD / [32m200 [0m1.837 ms - 114[0m
[0mHEAD / [32m200 [0m1.800 ms - 114[0m
[0mHEAD / [32m200 [0m1.791 ms - 114[0m
[0mHEAD / [32m200 [0m1.802 ms - 114[0m
[0mHEAD / [32m200 [0m1.553 ms - 114[0m
[0mHEAD / [32m200 [0m1.591 ms - 114[0m
[0mHEAD / [32m200 [0m3.798 ms - 114[0m
[0mHEAD / [32m200 [0m1.753 ms - 114[0m
[0mHEAD / [32m200 [0m1.624 ms - 114[0m
[0mHEAD / [32m200 [0m1.561 ms - 114[0m
[0mHEAD / [32m200 [0m1.709 ms - 114[0m
[0mHEAD / [32m200 [0m1.595 ms - 114[0m
[0mHEAD / [32m200 [0m0.582 ms - 114[0m
[0mHEAD / [32m200 [0m1.660 ms - 114[0m
[0mHEAD / [32m200 [0m1.525 ms - 114[0m
[0mHEAD / [32m200 [0m1.562 ms - 114[0m
[0mHEAD / [32m200 [0m1.640 ms - 114[0m
[0mHEAD / [32m200 [0m1.553 ms - 114[0m
[0mHEAD / [32m200 [0m1.579 ms - 114[0m
[0mHEAD / [32m200 [0m1.517 ms - 114[0m
[0mHEAD / [32m200 [0m1.719 ms - 114[0m
[0mHEAD / [32m200 [0m1.591 ms - 114[0m
[0mHEAD / [32m200 [0m1.666 ms - 114[0m
[0mHEAD / [32m200 [0m1.625 ms - 114[0m
[0mHEAD / [32m200 [0m2.161 ms - 114[0m
[0mHEAD / [32m200 [0m1.628 ms - 114[0m
[0mHEAD / [32m200 [0m1.686 ms - 114[0m
[0mHEAD / [32m200 [0m1.718 ms - 114[0m
[0mHEAD / [32m200 [0m1.660 ms - 114[0m
[0mHEAD / [32m200 [0m1.614 ms - 114[0m
[0mHEAD / [32m200 [0m1.508 ms - 114[0m
[0mHEAD / [32m200 [0m1.489 ms - 114[0m
[0mHEAD / [32m200 [0m1.609 ms - 114[0m
[0mHEAD / [32m200 [0m1.475 ms - 114[0m
[0mHEAD / [32m200 [0m1.503 ms - 114[0m
[0mHEAD / [32m200 [0m1.625 ms - 114[0m
[0mHEAD / [32m200 [0m3.569 ms - 114[0m
[0mHEAD / [32m200 [0m1.522 ms - 114[0m
[0mHEAD / [32m200 [0m1.702 ms - 114[0m
[0mHEAD / [32m200 [0m1.656 ms - 114[0m
[0mHEAD / [32m200 [0m1.680 ms - 114[0m
[0mHEAD / [32m200 [0m1.638 ms - 114[0m
[0mHEAD / [32m200 [0m1.641 ms - 114[0m
[0mHEAD / [32m200 [0m1.600 ms - 114[0m
[0mHEAD / [32m200 [0m1.614 ms - 114[0m
[0mHEAD / [32m200 [0m1.468 ms - 114[0m
[0mHEAD / [32m200 [0m1.660 ms - 114[0m
[0mHEAD / [32m200 [0m1.630 ms - 114[0m
[0mHEAD / [32m200 [0m1.611 ms - 114[0m
[0mHEAD / [32m200 [0m1.588 ms - 114[0m
[0mHEAD / [32m200 [0m1.555 ms - 114[0m
[0mHEAD / [32m200 [0m4.268 ms - 114[0m
[0mHEAD / [32m200 [0m1.634 ms - 114[0m
[0mHEAD / [32m200 [0m1.611 ms - 114[0m
[0mHEAD / [32m200 [0m1.669 ms - 114[0m
[0mHEAD / [32m200 [0m1.692 ms - 114[0m
[0mHEAD / [32m200 [0m1.728 ms - 114[0m
[0mHEAD / [32m200 [0m1.671 ms - 114[0m
[0mHEAD / [32m200 [0m1.664 ms - 114[0m
[0mHEAD / [32m200 [0m1.599 ms - 114[0m
[0mHEAD / [32m200 [0m1.591 ms - 114[0m
[0mHEAD / [32m200 [0m1.583 ms - 114[0m
[0mHEAD / [32m200 [0m1.674 ms - 114[0m
[0mHEAD / [32m200 [0m1.610 ms - 114[0m
[0mHEAD / [32m200 [0m1.647 ms - 114[0m
[0mHEAD / [32m200 [0m1.647 ms - 114[0m
[0mHEAD / [32m200 [0m1.694 ms - 114[0m
[0mHEAD / [32m200 [0m3.926 ms - 114[0m
[0mHEAD / [32m200 [0m1.651 ms - 114[0m
[0mHEAD / [32m200 [0m1.191 ms - 114[0m
[0mHEAD / [32m200 [0m1.722 ms - 114[0m
[0mHEAD / [32m200 [0m1.673 ms - 114[0m
[0mHEAD / [32m200 [0m1.596 ms - 114[0m
[0mHEAD / [32m200 [0m1.649 ms - 114[0m
[0mHEAD / [32m200 [0m1.701 ms - 114[0m
[0mHEAD / [32m200 [0m1.676 ms - 114[0m
[0mHEAD / [32m200 [0m1.632 ms - 114[0m
[0mHEAD / [32m200 [0m1.638 ms - 114[0m
[0mHEAD / [32m200 [0m1.593 ms - 114[0m
[0mHEAD / [32m200 [0m1.575 ms - 114[0m
[0mHEAD / [32m200 [0m1.586 ms - 114[0m
[0mHEAD / [32m200 [0m1.576 ms - 114[0m
[0mHEAD / [32m200 [0m1.577 ms - 114[0m
[0mHEAD / [32m200 [0m1.571 ms - 114[0m
[0mHEAD / [32m200 [0m1.599 ms - 114[0m
[0mHEAD / [32m200 [0m1.620 ms - 114[0m
[0mHEAD / [32m200 [0m1.449 ms - 114[0m
[0mHEAD / [32m200 [0m1.585 ms - 114[0m
[0mHEAD / [32m200 [0m1.555 ms - 114[0m
[0mHEAD / [32m200 [0m1.623 ms - 114[0m
[0mHEAD / [32m200 [0m1.618 ms - 114[0m
[0mHEAD / [32m200 [0m1.643 ms - 114[0m
[0mHEAD / [32m200 [0m1.561 ms - 114[0m
[0mHEAD / [32m200 [0m1.582 ms - 114[0m
[0mHEAD / [32m200 [0m1.573 ms - 114[0m
[0mHEAD / [32m200 [0m1.577 ms - 114[0m
[0mHEAD / [32m200 [0m1.449 ms - 114[0m
[0mHEAD / [32m200 [0m1.577 ms - 114[0m
[0mHEAD / [32m200 [0m3.926 ms - 114[0m
[0mHEAD / [32m200 [0m1.600 ms - 114[0m
[0mHEAD / [32m200 [0m1.507 ms - 114[0m
[0mHEAD / [32m200 [0m1.560 ms - 114[0m
[0mHEAD / [32m200 [0m1.566 ms - 114[0m
[0mHEAD / [32m200 [0m4.408 ms - 114[0m
[0mHEAD / [32m200 [0m1.494 ms - 114[0m
[0mHEAD / [32m200 [0m1.494 ms - 114[0m
[0mHEAD / [32m200 [0m1.501 ms - 114[0m
[0mHEAD / [32m200 [0m1.511 ms - 114[0m
[0mHEAD / [32m200 [0m1.521 ms - 114[0m
[0mHEAD / [32m200 [0m1.585 ms - 114[0m
[0mHEAD / [32m200 [0m1.531 ms - 114[0m
[0mHEAD / [32m200 [0m1.524 ms - 114[0m
[0mHEAD / [32m200 [0m1.588 ms - 114[0m
[0mHEAD / [32m200 [0m1.588 ms - 114[0m
[0mHEAD / [32m200 [0m4.263 ms - 114[0m
[0mHEAD / [32m200 [0m1.595 ms - 114[0m
[0mHEAD / [32m200 [0m1.535 ms - 114[0m
[0mHEAD / [32m200 [0m0.695 ms - 114[0m
[0mHEAD / [32m200 [0m0.435 ms - 114[0m
[0mHEAD / [32m200 [0m1.590 ms - 114[0m
[0mHEAD / [32m200 [0m1.472 ms - 114[0m
[0mHEAD / [32m200 [0m0.535 ms - 114[0m
[0mHEAD / [32m200 [0m0.493 ms - 114[0m
[0mHEAD / [32m200 [0m0.499 ms - 114[0m
[0mHEAD / [32m200 [0m1.504 ms - 114[0m
[0mHEAD / [32m200 [0m0.476 ms - 114[0m
[0mHEAD / [32m200 [0m1.488 ms - 114[0m
[0mHEAD / [32m200 [0m1.512 ms - 114[0m
[0mHEAD / [32m200 [0m1.491 ms - 114[0m
[0mHEAD / [32m200 [0m1.514 ms - 114[0m
[0mHEAD / [32m200 [0m1.501 ms - 114[0m
[0mHEAD / [32m200 [0m0.892 ms - 114[0m
[0mHEAD / [32m200 [0m0.736 ms - 114[0m
[0mHEAD / [32m200 [0m0.613 ms - 114[0m
[0mHEAD / [32m200 [0m1.500 ms - 114[0m
[0mHEAD / [32m200 [0m1.518 ms - 114[0m
[0mHEAD / [32m200 [0m1.447 ms - 114[0m
[0mHEAD / [32m200 [0m1.476 ms - 114[0m
[0mHEAD / [32m200 [0m1.479 ms - 114[0m
[0mHEAD / [32m200 [0m1.486 ms - 114[0m
[0mHEAD / [32m200 [0m1.522 ms - 114[0m
[0mHEAD / [32m200 [0m1.516 ms - 114[0m
[0mHEAD / [32m200 [0m1.509 ms - 114[0m
[0mHEAD / [32m200 [0m1.496 ms - 114[0m
[0mHEAD / [32m200 [0m1.348 ms - 114[0m
[0mHEAD / [32m200 [0m1.523 ms - 114[0m
[0mHEAD / [32m200 [0m1.396 ms - 114[0m
[0mHEAD / [32m200 [0m1.364 ms - 114[0m
[0mHEAD / [32m200 [0m2.201 ms - 114[0m
[0mHEAD / [32m200 [0m0.529 ms - 114[0m
[0mHEAD / [32m200 [0m1.361 ms - 114[0m
[0mHEAD / [32m200 [0m1.484 ms - 114[0m
[0mHEAD / [32m200 [0m1.480 ms - 114[0m
[0mHEAD / [32m200 [0m1.508 ms - 114[0m
[0mHEAD / [32m200 [0m1.500 ms - 114[0m
[0mHEAD / [32m200 [0m1.513 ms - 114[0m
[0mHEAD / [32m200 [0m1.131 ms - 114[0m
[0mHEAD / [32m200 [0m1.421 ms - 114[0m
[0mHEAD / [32m200 [0m1.526 ms - 114[0m
[0mHEAD / [32m200 [0m1.471 ms - 114[0m
[0mHEAD / [32m200 [0m1.393 ms - 114[0m
[0mHEAD / [32m200 [0m1.100 ms - 114[0m
[0mHEAD / [32m200 [0m1.559 ms - 114[0m
[0mHEAD / [32m200 [0m1.528 ms - 114[0m
[0mHEAD / [32m200 [0m1.645 ms - 114[0m
[0mHEAD / [32m200 [0m1.524 ms - 114[0m
[0mHEAD / [32m200 [0m1.486 ms - 114[0m
[0mHEAD / [32m200 [0m1.484 ms - 114[0m
[0mHEAD / [32m200 [0m1.544 ms - 114[0m
[0mHEAD / [32m200 [0m1.538 ms - 114[0m
[0mHEAD / [32m200 [0m1.544 ms - 114[0m
[0mHEAD / [32m200 [0m1.494 ms - 114[0m
[0mHEAD / [32m200 [0m1.531 ms - 114[0m
[0mHEAD / [32m200 [0m1.536 ms - 114[0m
[0mHEAD / [32m200 [0m1.498 ms - 114[0m
[0mHEAD / [32m200 [0m1.573 ms - 114[0m
[0mHEAD / [32m200 [0m1.595 ms - 114[0m
[0mHEAD / [32m200 [0m1.489 ms - 114[0m
[0mHEAD / [32m200 [0m1.488 ms - 114[0m
[0mHEAD / [32m200 [0m1.484 ms - 114[0m
[0mHEAD / [32m200 [0m1.492 ms - 114[0m
[0mHEAD / [32m200 [0m3.797 ms - 114[0m
[0mHEAD / [32m200 [0m1.641 ms - 114[0m
[0mHEAD / [32m200 [0m1.519 ms - 114[0m
[0mHEAD / [32m200 [0m1.853 ms - 114[0m
[0mHEAD / [32m200 [0m1.579 ms - 114[0m
[0mHEAD / [32m200 [0m1.520 ms - 114[0m
[0mHEAD / [32m200 [0m1.488 ms - 114[0m
[0mHEAD / [32m200 [0m1.500 ms - 114[0m
[0mHEAD / [32m200 [0m1.475 ms - 114[0m
[0mHEAD / [32m200 [0m1.491 ms - 114[0m
[0mHEAD / [32m200 [0m1.545 ms - 114[0m
[0mHEAD / [32m200 [0m1.573 ms - 114[0m
[0mHEAD / [32m200 [0m1.545 ms - 114[0m
[0mHEAD / [32m200 [0m1.586 ms - 114[0m
[0mHEAD / [32m200 [0m1.720 ms - 114[0m
[0mHEAD / [32m200 [0m1.465 ms - 114[0m
[0mHEAD / [32m200 [0m1.471 ms - 114[0m
[0mHEAD / [32m200 [0m1.490 ms - 114[0m
[0mHEAD / [32m200 [0m0.837 ms - 114[0m
[0mHEAD / [32m200 [0m1.460 ms - 114[0m
[0mHEAD / [32m200 [0m0.949 ms - 114[0m
[0mHEAD / [32m200 [0m1.642 ms - 114[0m
[0mHEAD / [32m200 [0m1.502 ms - 114[0m
[0mHEAD / [32m200 [0m1.448 ms - 114[0m
[0mHEAD / [32m200 [0m1.438 ms - 114[0m
[0mHEAD / [32m200 [0m1.497 ms - 114[0m
[0mHEAD / [32m200 [0m1.331 ms - 114[0m
[0mHEAD / [32m200 [0m1.427 ms - 114[0m
[0mHEAD / [32m200 [0m4.147 ms - 114[0m
[0mHEAD / [32m200 [0m1.434 ms - 114[0m
[0mHEAD / [32m200 [0m1.674 ms - 114[0m
[0mHEAD / [32m200 [0m1.428 ms - 114[0m
[0mHEAD / [32m200 [0m1.394 ms - 114[0m
[0mHEAD / [32m200 [0m1.520 ms - 114[0m
[0mHEAD / [32m200 [0m0.455 ms - 114[0m
[0mHEAD / [32m200 [0m1.557 ms - 114[0m
[0mHEAD / [32m200 [0m1.358 ms - 114[0m
[0mHEAD / [32m200 [0m0.620 ms - 114[0m
[0mHEAD / [32m200 [0m1.367 ms - 114[0m
[0mHEAD / [32m200 [0m1.425 ms - 114[0m
[0mHEAD / [32m200 [0m1.390 ms - 114[0m
[0mHEAD / [32m200 [0m1.316 ms - 114[0m
[0mHEAD / [32m200 [0m1.500 ms - 114[0m
[0mHEAD / [32m200 [0m1.549 ms - 114[0m
[0mHEAD / [32m200 [0m0.381 ms - 114[0m
[0mHEAD / [32m200 [0m1.548 ms - 114[0m
[0mHEAD / [32m200 [0m1.487 ms - 114[0m
[0mHEAD / [32m200 [0m1.467 ms - 114[0m
[0mHEAD / [32m200 [0m1.653 ms - 114[0m
[0mHEAD / [32m200 [0m1.552 ms - 114[0m
[0mHEAD / [32m200 [0m1.526 ms - 114[0m
[0mHEAD / [32m200 [0m1.569 ms - 114[0m
[0mHEAD / [32m200 [0m1.439 ms - 114[0m
[0mHEAD / [32m200 [0m3.426 ms - 114[0m
[0mHEAD / [32m200 [0m1.370 ms - 114[0m
[0mHEAD / [32m200 [0m1.491 ms - 114[0m
[0mHEAD / [32m200 [0m1.498 ms - 114[0m
[0mHEAD / [32m200 [0m1.515 ms - 114[0m
[0mHEAD / [32m200 [0m1.501 ms - 114[0m
[0mHEAD / [32m200 [0m1.563 ms - 114[0m
[0mHEAD / [32m200 [0m1.594 ms - 114[0m
[0mHEAD / [32m200 [0m1.604 ms - 114[0m
[0mHEAD / [32m200 [0m1.528 ms - 114[0m
[0mHEAD / [32m200 [0m1.376 ms - 114[0m
[0mHEAD / [32m200 [0m0.474 ms - 114[0m
[0mHEAD / [32m200 [0m1.436 ms - 114[0m
[0mHEAD / [32m200 [0m1.387 ms - 114[0m
[0mHEAD / [32m200 [0m1.414 ms - 114[0m
[0mHEAD / [32m200 [0m0.844 ms - 114[0m
[0mHEAD / [32m200 [0m1.627 ms - 114[0m
[0mHEAD / [32m200 [0m1.581 ms - 114[0m
[0mHEAD / [32m200 [0m1.605 ms - 114[0m
[0mHEAD / [32m200 [0m1.522 ms - 114[0m
[0mHEAD / [32m200 [0m1.332 ms - 114[0m
[0mHEAD / [32m200 [0m1.409 ms - 114[0m
[0mHEAD / [32m200 [0m1.488 ms - 114[0m
[0mHEAD / [32m200 [0m1.354 ms - 114[0m
[0mHEAD / [32m200 [0m0.719 ms - 114[0m
[0mHEAD / [32m200 [0m1.390 ms - 114[0m
[0mHEAD / [32m200 [0m1.549 ms - 114[0m
[0mHEAD / [32m200 [0m1.543 ms - 114[0m
[0mHEAD / [32m200 [0m1.534 ms - 114[0m
[0mHEAD / [32m200 [0m1.386 ms - 114[0m
[0mHEAD / [32m200 [0m1.491 ms - 114[0m
[0mHEAD / [32m200 [0m1.641 ms - 114[0m
[0mHEAD / [32m200 [0m1.503 ms - 114[0m
[0mHEAD / [32m200 [0m1.350 ms - 114[0m
[0mHEAD / [32m200 [0m1.684 ms - 114[0m
[0mHEAD / [32m200 [0m1.480 ms - 114[0m
[0mHEAD / [32m200 [0m1.698 ms - 114[0m
[0mHEAD / [32m200 [0m1.394 ms - 114[0m
[0mHEAD / [32m200 [0m1.446 ms - 114[0m
[0mHEAD / [32m200 [0m1.544 ms - 114[0m
[0mHEAD / [32m200 [0m3.067 ms - 114[0m
[0mHEAD / [32m200 [0m1.453 ms - 114[0m
[0mHEAD / [32m200 [0m1.367 ms - 114[0m
[0mHEAD / [32m200 [0m1.490 ms - 114[0m
[0mHEAD / [32m200 [0m1.596 ms - 114[0m
[0mHEAD / [32m200 [0m1.457 ms - 114[0m
[0mHEAD / [32m200 [0m1.365 ms - 114[0m
[0mHEAD / [32m200 [0m1.585 ms - 114[0m
[0mHEAD / [32m200 [0m1.478 ms - 114[0m
[0mHEAD / [32m200 [0m1.454 ms - 114[0m
[0mHEAD / [32m200 [0m1.503 ms - 114[0m
[0mHEAD / [32m200 [0m0.538 ms - 114[0m
[0mHEAD / [32m200 [0m3.514 ms - 114[0m
[0mHEAD / [32m200 [0m1.494 ms - 114[0m
[0mHEAD / [32m200 [0m1.547 ms - 114[0m
[0mHEAD / [32m200 [0m1.497 ms - 114[0m
[0mHEAD / [32m200 [0m1.561 ms - 114[0m
[0mHEAD / [32m200 [0m1.576 ms - 114[0m
[0mHEAD / [32m200 [0m1.520 ms - 114[0m
[0mHEAD / [32m200 [0m1.504 ms - 114[0m
[0mHEAD / [32m200 [0m1.479 ms - 114[0m
[0mHEAD / [32m200 [0m1.589 ms - 114[0m
[0mHEAD / [32m200 [0m1.403 ms - 114[0m
[0mHEAD / [32m200 [0m1.479 ms - 114[0m
[0mHEAD / [32m200 [0m1.365 ms - 114[0m
[0mHEAD / [32m200 [0m1.497 ms - 114[0m
[0mHEAD / [32m200 [0m1.544 ms - 114[0m
[0mHEAD / [32m200 [0m1.504 ms - 114[0m
[0mHEAD / [32m200 [0m1.663 ms - 114[0m
[0mHEAD / [32m200 [0m1.576 ms - 114[0m
[0mHEAD / [32m200 [0m3.676 ms - 114[0m
[0mHEAD / [32m200 [0m1.527 ms - 114[0m
[0mHEAD / [32m200 [0m1.475 ms - 114[0m
[0mHEAD / [32m200 [0m1.575 ms - 114[0m
[0mHEAD / [32m200 [0m1.574 ms - 114[0m
[0mHEAD / [32m200 [0m1.479 ms - 114[0m
[0mHEAD / [32m200 [0m1.474 ms - 114[0m
[0mHEAD / [32m200 [0m1.285 ms - 114[0m
[0mHEAD / [32m200 [0m1.602 ms - 114[0m
[0mHEAD / [32m200 [0m1.414 ms - 114[0m
[0mHEAD / [32m200 [0m1.402 ms - 114[0m
[0mHEAD / [32m200 [0m1.493 ms - 114[0m
[0mHEAD / [32m200 [0m1.629 ms - 114[0m
[0mHEAD / [32m200 [0m1.475 ms - 114[0m
[0mHEAD / [32m200 [0m1.416 ms - 114[0m
[0mHEAD / [32m200 [0m1.474 ms - 114[0m
[0mHEAD / [32m200 [0m1.522 ms - 114[0m
[0mHEAD / [32m200 [0m1.550 ms - 114[0m
[0mHEAD / [32m200 [0m4.722 ms - 114[0m
[0mHEAD / [32m200 [0m1.495 ms - 114[0m
[0mHEAD / [32m200 [0m1.364 ms - 114[0m
[0mHEAD / [32m200 [0m1.439 ms - 114[0m
[0mHEAD / [32m200 [0m1.472 ms - 114[0m
[0mHEAD / [32m200 [0m1.462 ms - 114[0m
[0mHEAD / [32m200 [0m1.500 ms - 114[0m
[0mHEAD / [32m200 [0m1.479 ms - 114[0m
[0mHEAD / [32m200 [0m1.472 ms - 114[0m
[0mHEAD / [32m200 [0m1.489 ms - 114[0m
[0mHEAD / [32m200 [0m1.501 ms - 114[0m
[0mHEAD / [32m200 [0m1.494 ms - 114[0m
[0mHEAD / [32m200 [0m1.500 ms - 114[0m
[0mHEAD / [32m200 [0m1.492 ms - 114[0m
[0mHEAD / [32m200 [0m1.494 ms - 114[0m
[0mHEAD / [32m200 [0m1.496 ms - 114[0m
[0mHEAD / [32m200 [0m1.612 ms - 114[0m
[0mHEAD / [32m200 [0m1.571 ms - 114[0m
[0mHEAD / [32m200 [0m1.476 ms - 114[0m
[0mHEAD / [32m200 [0m1.484 ms - 114[0m
[0mHEAD / [32m200 [0m1.506 ms - 114[0m
[0mHEAD / [32m200 [0m1.508 ms - 114[0m
[0mHEAD / [32m200 [0m1.473 ms - 114[0m
[0mHEAD / [32m200 [0m1.597 ms - 114[0m
[0mHEAD / [32m200 [0m1.361 ms - 114[0m
[0mHEAD / [32m200 [0m1.481 ms - 114[0m
[0mHEAD / [32m200 [0m1.793 ms - 114[0m
[0mHEAD / [32m200 [0m1.506 ms - 114[0m
[0mHEAD / [32m200 [0m1.525 ms - 114[0m
[0mHEAD / [32m200 [0m0.512 ms - 114[0m
[0mHEAD / [32m200 [0m1.607 ms - 114[0m
[0mHEAD / [32m200 [0m1.502 ms - 114[0m
[0mHEAD / [32m200 [0m1.481 ms - 114[0m
[0mHEAD / [32m200 [0m1.479 ms - 114[0m
[0mHEAD / [32m200 [0m1.523 ms - 114[0m
[0mHEAD / [32m200 [0m1.529 ms - 114[0m
[0mHEAD / [32m200 [0m1.536 ms - 114[0m
[0mHEAD / [32m200 [0m1.558 ms - 114[0m
[0mHEAD / [32m200 [0m1.530 ms - 114[0m
[0mHEAD / [32m200 [0m1.555 ms - 114[0m
[0mHEAD / [32m200 [0m1.600 ms - 114[0m
[0mHEAD / [32m200 [0m1.524 ms - 114[0m
[0mHEAD / [32m200 [0m1.562 ms - 114[0m
[0mHEAD / [32m200 [0m1.556 ms - 114[0m
[0mHEAD / [32m200 [0m1.525 ms - 114[0m
[0mHEAD / [32m200 [0m1.520 ms - 114[0m
[0mHEAD / [32m200 [0m1.366 ms - 114[0m
[0mHEAD / [32m200 [0m1.498 ms - 114[0m
[0mHEAD / [32m200 [0m1.511 ms - 114[0m
[0mHEAD / [32m200 [0m1.526 ms - 114[0m
[0mHEAD / [32m200 [0m1.525 ms - 114[0m
[0mHEAD / [32m200 [0m1.519 ms - 114[0m
[0mHEAD / [32m200 [0m1.491 ms - 114[0m
[0mHEAD / [32m200 [0m1.477 ms - 114[0m
[0mHEAD / [32m200 [0m1.541 ms - 114[0m
[0mHEAD / [32m200 [0m1.491 ms - 114[0m
[0mHEAD / [32m200 [0m1.513 ms - 114[0m
[0mHEAD / [32m200 [0m1.502 ms - 114[0m
[0mHEAD / [32m200 [0m1.487 ms - 114[0m
[0mHEAD / [32m200 [0m1.496 ms - 114[0m
[0mHEAD / [32m200 [0m1.511 ms - 114[0m
[0mHEAD / [32m200 [0m1.495 ms - 114[0m
[0mHEAD / [32m200 [0m1.590 ms - 114[0m
[0mHEAD / [32m200 [0m1.478 ms - 114[0m
[0mHEAD / [32m200 [0m1.592 ms - 114[0m
[0mHEAD / [32m200 [0m1.497 ms - 114[0m
[0mHEAD / [32m200 [0m0.632 ms - 114[0m
[0mHEAD / [32m200 [0m1.499 ms - 114[0m
[0mHEAD / [32m200 [0m1.515 ms - 114[0m
[0mHEAD / [32m200 [0m1.484 ms - 114[0m
[0mHEAD / [32m200 [0m1.481 ms - 114[0m
[0mHEAD / [32m200 [0m1.464 ms - 114[0m
[0mHEAD / [32m200 [0m1.477 ms - 114[0m
[0mHEAD / [32m200 [0m1.500 ms - 114[0m
[0mHEAD / [32m200 [0m1.478 ms - 114[0m
[0mHEAD / [32m200 [0m1.504 ms - 114[0m
[0mHEAD / [32m200 [0m1.490 ms - 114[0m
[0mHEAD / [32m200 [0m1.313 ms - 114[0m
[0mHEAD / [32m200 [0m1.485 ms - 114[0m
[0mHEAD / [32m200 [0m1.476 ms - 114[0m
[0mHEAD / [32m200 [0m1.477 ms - 114[0m
[0mHEAD / [32m200 [0m1.600 ms - 114[0m
[0mHEAD / [32m200 [0m1.600 ms - 114[0m
[0mHEAD / [32m200 [0m1.601 ms - 114[0m
[0mHEAD / [32m200 [0m1.576 ms - 114[0m
[0mHEAD / [32m200 [0m1.505 ms - 114[0m
[0mHEAD / [32m200 [0m1.495 ms - 114[0m
[0mHEAD / [32m200 [0m1.474 ms - 114[0m
[0mHEAD / [32m200 [0m1.523 ms - 114[0m
[0mHEAD / [32m200 [0m1.447 ms - 114[0m
[0mHEAD / [32m200 [0m1.460 ms - 114[0m
[0mHEAD / [32m200 [0m1.474 ms - 114[0m
[0mHEAD / [32m200 [0m1.504 ms - 114[0m
[0mHEAD / [32m200 [0m1.428 ms - 114[0m
[0mHEAD / [32m200 [0m1.459 ms - 114[0m
[0mHEAD / [32m200 [0m1.482 ms - 114[0m
[0mHEAD / [32m200 [0m1.404 ms - 114[0m
[0mHEAD / [32m200 [0m1.509 ms - 114[0m
[0mHEAD / [32m200 [0m1.471 ms - 114[0m
[0mHEAD / [32m200 [0m1.597 ms - 114[0m
[0mHEAD / [32m200 [0m1.643 ms - 114[0m
[0mHEAD / [32m200 [0m1.580 ms - 114[0m
[0mHEAD / [32m200 [0m1.539 ms - 114[0m
[0mHEAD / [32m200 [0m1.498 ms - 114[0m
[0mHEAD / [32m200 [0m1.840 ms - 114[0m
[0mHEAD / [32m200 [0m1.498 ms - 114[0m
[0mHEAD / [32m200 [0m1.492 ms - 114[0m
[0mHEAD / [32m200 [0m1.474 ms - 114[0m
[0mHEAD / [32m200 [0m1.494 ms - 114[0m
[0mHEAD / [32m200 [0m4.700 ms - 114[0m
[0mHEAD / [32m200 [0m1.478 ms - 114[0m
[0mHEAD / [32m200 [0m1.472 ms - 114[0m
[0mHEAD / [32m200 [0m1.567 ms - 114[0m
[0mHEAD / [32m200 [0m1.491 ms - 114[0m
[0mHEAD / [32m200 [0m1.493 ms - 114[0m
[0mHEAD / [32m200 [0m1.604 ms - 114[0m
[0mHEAD / [32m200 [0m1.481 ms - 114[0m
[0mHEAD / [32m200 [0m1.508 ms - 114[0m
[0mHEAD / [32m200 [0m1.471 ms - 114[0m
[0mHEAD / [32m200 [0m1.504 ms - 114[0m
[0mHEAD / [32m200 [0m1.494 ms - 114[0m
[0mHEAD / [32m200 [0m1.655 ms - 114[0m
[0mHEAD / [32m200 [0m1.649 ms - 114[0m
[0mHEAD / [32m200 [0m1.542 ms - 114[0m
[0mHEAD / [32m200 [0m1.578 ms - 114[0m
[0mHEAD / [32m200 [0m1.584 ms - 114[0m
[0mHEAD / [32m200 [0m1.535 ms - 114[0m
[0mHEAD / [32m200 [0m3.747 ms - 114[0m
[0mHEAD / [32m200 [0m1.594 ms - 114[0m
[0mHEAD / [32m200 [0m1.595 ms - 114[0m
[0mHEAD / [32m200 [0m1.493 ms - 114[0m
[0mHEAD / [32m200 [0m1.499 ms - 114[0m
[0mHEAD / [32m200 [0m1.614 ms - 114[0m
[0mHEAD / [32m200 [0m1.405 ms - 114[0m
[0mHEAD / [32m200 [0m1.427 ms - 114[0m
[0mHEAD / [32m200 [0m1.613 ms - 114[0m
[0mHEAD / [32m200 [0m2.580 ms - 114[0m
[0mHEAD / [32m200 [0m1.487 ms - 114[0m
[0mHEAD / [32m200 [0m1.580 ms - 114[0m
[0mHEAD / [32m200 [0m1.621 ms - 114[0m
[0mHEAD / [32m200 [0m1.627 ms - 114[0m
[0mHEAD / [32m200 [0m1.465 ms - 114[0m
[0mHEAD / [32m200 [0m1.479 ms - 114[0m
[0mHEAD / [32m200 [0m1.596 ms - 114[0m
[0mHEAD / [32m200 [0m1.348 ms - 114[0m
[0mHEAD / [32m200 [0m1.410 ms - 114[0m
[0mHEAD / [32m200 [0m4.007 ms - 114[0m
[0mHEAD / [32m200 [0m1.500 ms - 114[0m
[0mHEAD / [32m200 [0m1.448 ms - 114[0m
[0mHEAD / [32m200 [0m1.489 ms - 114[0m
[0mHEAD / [32m200 [0m1.473 ms - 114[0m
[0mHEAD / [32m200 [0m1.627 ms - 114[0m
[0mHEAD / [32m200 [0m1.488 ms - 114[0m
[0mHEAD / [32m200 [0m1.568 ms - 114[0m
[0mHEAD / [32m200 [0m0.338 ms - 114[0m
[0mHEAD / [32m200 [0m1.430 ms - 114[0m
[0mHEAD / [32m200 [0m1.479 ms - 114[0m
[0mHEAD / [32m200 [0m1.344 ms - 114[0m
[0mHEAD / [32m200 [0m1.478 ms - 114[0m
[0mHEAD / [32m200 [0m1.394 ms - 114[0m
[0mHEAD / [32m200 [0m1.407 ms - 114[0m
[0mHEAD / [32m200 [0m1.493 ms - 114[0m
[0mHEAD / [32m200 [0m1.320 ms - 114[0m
[0mHEAD / [32m200 [0m1.304 ms - 114[0m
[0mHEAD / [32m200 [0m1.447 ms - 114[0m
[0mHEAD / [32m200 [0m0.436 ms - 114[0m
[0mHEAD / [32m200 [0m0.434 ms - 114[0m
[0mHEAD / [32m200 [0m0.460 ms - 114[0m
[0mHEAD / [32m200 [0m1.474 ms - 114[0m
[0mHEAD / [32m200 [0m1.609 ms - 114[0m
[0mHEAD / [32m200 [0m1.432 ms - 114[0m
[0mHEAD / [32m200 [0m1.571 ms - 114[0m
[0mHEAD / [32m200 [0m2.860 ms - 114[0m
[0mHEAD / [32m200 [0m1.426 ms - 114[0m
[0mHEAD / [32m200 [0m1.341 ms - 114[0m
[0mHEAD / [32m200 [0m1.540 ms - 114[0m
[0mHEAD / [32m200 [0m1.486 ms - 114[0m
[0mHEAD / [32m200 [0m1.491 ms - 114[0m
[0mHEAD / [32m200 [0m1.547 ms - 114[0m
[0mHEAD / [32m200 [0m1.473 ms - 114[0m
[0mHEAD / [32m200 [0m1.443 ms - 114[0m
[0mHEAD / [32m200 [0m1.605 ms - 114[0m
[0mHEAD / [32m200 [0m1.495 ms - 114[0m
[0mHEAD / [32m200 [0m1.589 ms - 114[0m
[0mHEAD / [32m200 [0m1.566 ms - 114[0m
[0mHEAD / [32m200 [0m1.462 ms - 114[0m
[0mHEAD / [32m200 [0m1.607 ms - 114[0m
[0mHEAD / [32m200 [0m1.445 ms - 114[0m
[0mHEAD / [32m200 [0m1.428 ms - 114[0m
[0mHEAD / [32m200 [0m1.448 ms - 114[0m
[0mHEAD / [32m200 [0m1.440 ms - 114[0m
[0mHEAD / [32m200 [0m0.357 ms - 114[0m
[0mHEAD / [32m200 [0m1.452 ms - 114[0m
[0mHEAD / [32m200 [0m1.441 ms - 114[0m
[0mHEAD / [32m200 [0m1.454 ms - 114[0m
[0mHEAD / [32m200 [0m1.307 ms - 114[0m
[0mHEAD / [32m200 [0m1.456 ms - 114[0m
[0mHEAD / [32m200 [0m1.572 ms - 114[0m
[0mHEAD / [32m200 [0m1.465 ms - 114[0m
[0mHEAD / [32m200 [0m1.299 ms - 114[0m
[0mHEAD / [32m200 [0m1.367 ms - 114[0m
[0mHEAD / [32m200 [0m1.338 ms - 114[0m
[0mHEAD / [32m200 [0m1.516 ms - 114[0m
[0mHEAD / [32m200 [0m1.421 ms - 114[0m
[0mHEAD / [32m200 [0m1.451 ms - 114[0m
[0mHEAD / [32m200 [0m1.495 ms - 114[0m
[0mHEAD / [32m200 [0m1.430 ms - 114[0m
[0mHEAD / [32m200 [0m1.399 ms - 114[0m
[0mHEAD / [32m200 [0m1.478 ms - 114[0m
[0mHEAD / [32m200 [0m1.529 ms - 114[0m
[0mHEAD / [32m200 [0m1.533 ms - 114[0m
[0mHEAD / [32m200 [0m1.410 ms - 114[0m
[0mHEAD / [32m200 [0m1.446 ms - 114[0m
[0mHEAD / [32m200 [0m1.345 ms - 114[0m
[0mHEAD / [32m200 [0m1.365 ms - 114[0m
[0mHEAD / [32m200 [0m1.398 ms - 114[0m
[0mHEAD / [32m200 [0m1.488 ms - 114[0m
[0mHEAD / [32m200 [0m1.432 ms - 114[0m
[0mHEAD / [32m200 [0m1.695 ms - 114[0m
[0mHEAD / [32m200 [0m1.502 ms - 114[0m
[0mHEAD / [32m200 [0m0.482 ms - 114[0m
[0mHEAD / [32m200 [0m1.525 ms - 114[0m
[0mHEAD / [32m200 [0m4.605 ms - 114[0m
[0mHEAD / [32m200 [0m1.708 ms - 114[0m
[0mHEAD / [32m200 [0m1.480 ms - 114[0m
[0mHEAD / [32m200 [0m1.446 ms - 114[0m
[0mHEAD / [32m200 [0m1.418 ms - 114[0m
[0mHEAD / [32m200 [0m1.460 ms - 114[0m
[0mHEAD / [32m200 [0m0.493 ms - 114[0m
[0mHEAD / [32m200 [0m1.465 ms - 114[0m
[0mHEAD / [32m200 [0m1.437 ms - 114[0m
[0mHEAD / [32m200 [0m1.563 ms - 114[0m
[0mHEAD / [32m200 [0m1.459 ms - 114[0m
[0mHEAD / [32m200 [0m1.458 ms - 114[0m
[0mHEAD / [32m200 [0m1.432 ms - 114[0m
[0mHEAD / [32m200 [0m1.457 ms - 114[0m
[0mHEAD / [32m200 [0m0.580 ms - 114[0m
[0mHEAD / [32m200 [0m2.006 ms - 114[0m
[0mHEAD / [32m200 [0m1.490 ms - 114[0m
[0mHEAD / [32m200 [0m1.516 ms - 114[0m
[0mHEAD / [32m200 [0m1.613 ms - 114[0m
[0mHEAD / [32m200 [0m3.582 ms - 114[0m
[0mHEAD / [32m200 [0m1.426 ms - 114[0m
[0mHEAD / [32m200 [0m1.555 ms - 114[0m
[0mHEAD / [32m200 [0m1.470 ms - 114[0m
[0mHEAD / [32m200 [0m1.548 ms - 114[0m
[0mHEAD / [32m200 [0m1.448 ms - 114[0m
[0mHEAD / [32m200 [0m0.528 ms - 114[0m
[0mHEAD / [32m200 [0m1.467 ms - 114[0m
[0mHEAD / [32m200 [0m1.618 ms - 114[0m
[0mHEAD / [32m200 [0m1.459 ms - 114[0m
[0mHEAD / [32m200 [0m1.583 ms - 114[0m
[0mHEAD / [32m200 [0m1.480 ms - 114[0m
[0mHEAD / [32m200 [0m1.595 ms - 114[0m
[0mHEAD / [32m200 [0m1.596 ms - 114[0m
[0mHEAD / [32m200 [0m1.442 ms - 114[0m
[0mHEAD / [32m200 [0m1.309 ms - 114[0m
[0mHEAD / [32m200 [0m1.580 ms - 114[0m
[0mHEAD / [32m200 [0m1.377 ms - 114[0m
[0mHEAD / [32m200 [0m1.620 ms - 114[0m
[0mHEAD / [32m200 [0m1.448 ms - 114[0m
[0mHEAD / [32m200 [0m1.565 ms - 114[0m
[0mHEAD / [32m200 [0m1.456 ms - 114[0m
[0mHEAD / [32m200 [0m0.467 ms - 114[0m
[0mHEAD / [32m200 [0m1.633 ms - 114[0m
[0mHEAD / [32m200 [0m1.494 ms - 114[0m
[0mHEAD / [32m200 [0m1.613 ms - 114[0m
[0mHEAD / [32m200 [0m1.513 ms - 114[0m
[0mHEAD / [32m200 [0m1.871 ms - 114[0m
[0mHEAD / [32m200 [0m0.490 ms - 114[0m
[0mHEAD / [32m200 [0m0.804 ms - 114[0m
[0mHEAD / [32m200 [0m1.505 ms - 114[0m
[0mHEAD / [32m200 [0m0.445 ms - 114[0m
[0mHEAD / [32m200 [0m1.478 ms - 114[0m
[0mHEAD / [32m200 [0m0.349 ms - 114[0m
[0mHEAD / [32m200 [0m1.463 ms - 114[0m
[0mHEAD / [32m200 [0m1.342 ms - 114[0m
[0mHEAD / [32m200 [0m1.465 ms - 114[0m
[0mHEAD / [32m200 [0m1.398 ms - 114[0m
[0mHEAD / [32m200 [0m1.556 ms - 114[0m
[0mHEAD / [32m200 [0m2.411 ms - 114[0m
[0mHEAD / [32m200 [0m0.439 ms - 114[0m
[0mHEAD / [32m200 [0m1.548 ms - 114[0m
[0mHEAD / [32m200 [0m1.361 ms - 114[0m
[0mHEAD / [32m200 [0m1.610 ms - 114[0m
[0mHEAD / [32m200 [0m1.390 ms - 114[0m
[0mHEAD / [32m200 [0m1.564 ms - 114[0m
[0mHEAD / [32m200 [0m1.583 ms - 114[0m
[0mHEAD / [32m200 [0m1.573 ms - 114[0m
[0mHEAD / [32m200 [0m1.569 ms - 114[0m
[0mHEAD / [32m200 [0m1.574 ms - 114[0m
[0mHEAD / [32m200 [0m1.624 ms - 114[0m
[0mHEAD / [32m200 [0m1.316 ms - 114[0m
[0mHEAD / [32m200 [0m0.830 ms - 114[0m
[0mHEAD / [32m200 [0m1.481 ms - 114[0m
[0mHEAD / [32m200 [0m1.426 ms - 114[0m
[0mHEAD / [32m200 [0m1.594 ms - 114[0m
[0mHEAD / [32m200 [0m1.553 ms - 114[0m
[0mHEAD / [32m200 [0m0.838 ms - 114[0m
[0mHEAD / [32m200 [0m1.426 ms - 114[0m
[0mHEAD / [32m200 [0m1.463 ms - 114[0m
[0mHEAD / [32m200 [0m1.557 ms - 114[0m
[0mHEAD / [32m200 [0m1.412 ms - 114[0m
[0mHEAD / [32m200 [0m1.401 ms - 114[0m
[0mHEAD / [32m200 [0m1.507 ms - 114[0m
[0mHEAD / [32m200 [0m1.494 ms - 114[0m
[0mHEAD / [32m200 [0m1.616 ms - 114[0m
[0mHEAD / [32m200 [0m1.534 ms - 114[0m
[0mHEAD / [32m200 [0m1.565 ms - 114[0m
[0mHEAD / [32m200 [0m1.556 ms - 114[0m
[0mHEAD / [32m200 [0m1.343 ms - 114[0m
[0mHEAD / [32m200 [0m1.681 ms - 114[0m
[0mHEAD / [32m200 [0m0.575 ms - 114[0m
[0mHEAD / [32m200 [0m1.430 ms - 114[0m
[0mHEAD / [32m200 [0m1.535 ms - 114[0m
[0mHEAD / [32m200 [0m1.323 ms - 114[0m
[0mHEAD / [32m200 [0m1.406 ms - 114[0m
[0mHEAD / [32m200 [0m3.969 ms - 114[0m
[0mHEAD / [32m200 [0m1.499 ms - 114[0m
[0mHEAD / [32m200 [0m1.587 ms - 114[0m
[0mHEAD / [32m200 [0m1.616 ms - 114[0m
[0mHEAD / [32m200 [0m1.638 ms - 114[0m
[0mHEAD / [32m200 [0m1.482 ms - 114[0m
[0mHEAD / [32m200 [0m1.339 ms - 114[0m
[0mHEAD / [32m200 [0m1.462 ms - 114[0m
[0mHEAD / [32m200 [0m1.519 ms - 114[0m
[0mHEAD / [32m200 [0m1.544 ms - 114[0m
[0mHEAD / [32m200 [0m1.362 ms - 114[0m
[0mHEAD / [32m200 [0m1.474 ms - 114[0m
[0mHEAD / [32m200 [0m1.326 ms - 114[0m
[0mHEAD / [32m200 [0m1.562 ms - 114[0m
[0mHEAD / [32m200 [0m1.545 ms - 114[0m
[0mHEAD / [32m200 [0m1.492 ms - 114[0m
[0mHEAD / [32m200 [0m1.549 ms - 114[0m
[0mHEAD / [32m200 [0m1.505 ms - 114[0m
[0mHEAD / [32m200 [0m1.557 ms - 114[0m
[0mHEAD / [32m200 [0m4.896 ms - 114[0m
[0mHEAD / [32m200 [0m1.566 ms - 114[0m
[0mHEAD / [32m200 [0m1.478 ms - 114[0m
[0mHEAD / [32m200 [0m1.350 ms - 114[0m
[0mHEAD / [32m200 [0m3.165 ms - 114[0m
[0mHEAD / [32m200 [0m1.504 ms - 114[0m
[0mHEAD / [32m200 [0m1.558 ms - 114[0m
[0mHEAD / [32m200 [0m1.554 ms - 114[0m
[0mHEAD / [32m200 [0m1.552 ms - 114[0m
[0mHEAD / [32m200 [0m1.500 ms - 114[0m
[0mHEAD / [32m200 [0m1.549 ms - 114[0m
[0mHEAD / [32m200 [0m1.502 ms - 114[0m
[0mHEAD / [32m200 [0m1.420 ms - 114[0m
[0mHEAD / [32m200 [0m1.542 ms - 114[0m
[0mHEAD / [32m200 [0m1.256 ms - 114[0m
[0mHEAD / [32m200 [0m1.557 ms - 114[0m
[0mHEAD / [32m200 [0m1.551 ms - 114[0m
[0mHEAD / [32m200 [0m1.333 ms - 114[0m
[0mHEAD / [32m200 [0m3.734 ms - 114[0m
[0mHEAD / [32m200 [0m1.623 ms - 114[0m
[0mHEAD / [32m200 [0m1.446 ms - 114[0m
[0mHEAD / [32m200 [0m1.473 ms - 114[0m
[0mHEAD / [32m200 [0m1.448 ms - 114[0m
[0mHEAD / [32m200 [0m1.436 ms - 114[0m
[0mHEAD / [32m200 [0m1.598 ms - 114[0m
[0mHEAD / [32m200 [0m1.565 ms - 114[0m
[0mHEAD / [32m200 [0m1.472 ms - 114[0m
[0mHEAD / [32m200 [0m1.273 ms - 114[0m
[0mHEAD / [32m200 [0m1.729 ms - 114[0m
[0mHEAD / [32m200 [0m1.330 ms - 114[0m
[0mHEAD / [32m200 [0m1.531 ms - 114[0m
[0mHEAD / [32m200 [0m1.218 ms - 114[0m
[0mHEAD / [32m200 [0m0.623 ms - 114[0m
[0mHEAD / [32m200 [0m1.445 ms - 114[0m
[0mHEAD / [32m200 [0m1.448 ms - 114[0m
[0mHEAD / [32m200 [0m1.584 ms - 114[0m
[0mHEAD / [32m200 [0m0.969 ms - 114[0m
[0mHEAD / [32m200 [0m3.867 ms - 114[0m
[0mHEAD / [32m200 [0m1.420 ms - 114[0m
[0mHEAD / [32m200 [0m1.482 ms - 114[0m
[0mHEAD / [32m200 [0m1.401 ms - 114[0m
[0mHEAD / [32m200 [0m2.425 ms - 114[0m
[0mHEAD / [32m200 [0m1.524 ms - 114[0m
[0mHEAD / [32m200 [0m1.711 ms - 114[0m
[0mHEAD / [32m200 [0m1.368 ms - 114[0m
[0mHEAD / [32m200 [0m1.552 ms - 114[0m
[0mHEAD / [32m200 [0m0.836 ms - 114[0m
[0mHEAD / [32m200 [0m1.321 ms - 114[0m
[0mHEAD / [32m200 [0m1.495 ms - 114[0m
[0mHEAD / [32m200 [0m1.579 ms - 114[0m
[0mHEAD / [32m200 [0m1.490 ms - 114[0m
[0mHEAD / [32m200 [0m1.574 ms - 114[0m
[0mHEAD / [32m200 [0m1.439 ms - 114[0m
[0mHEAD / [32m200 [0m1.788 ms - 114[0m
[0mHEAD / [32m200 [0m1.396 ms - 114[0m
[0mHEAD / [32m200 [0m1.546 ms - 114[0m
[0mHEAD / [32m200 [0m4.441 ms - 114[0m
[0mHEAD / [32m200 [0m1.531 ms - 114[0m
[0mHEAD / [32m200 [0m1.579 ms - 114[0m
[0mHEAD / [32m200 [0m1.166 ms - 114[0m
[0mHEAD / [32m200 [0m1.546 ms - 114[0m
[0mHEAD / [32m200 [0m1.559 ms - 114[0m
[0mHEAD / [32m200 [0m1.468 ms - 114[0m
[0mHEAD / [32m200 [0m0.624 ms - 114[0m
[0mHEAD / [32m200 [0m1.710 ms - 114[0m
[0mHEAD / [32m200 [0m1.497 ms - 114[0m
[0mHEAD / [32m200 [0m1.453 ms - 114[0m
[0mHEAD / [32m200 [0m1.506 ms - 114[0m
[0mHEAD / [32m200 [0m1.303 ms - 114[0m
[0mHEAD / [32m200 [0m2.407 ms - 114[0m
[0mHEAD / [32m200 [0m1.566 ms - 114[0m
[0mHEAD / [32m200 [0m1.064 ms - 114[0m
[0mHEAD / [32m200 [0m1.378 ms - 114[0m
[0mHEAD / [32m200 [0m1.573 ms - 114[0m
[0mHEAD / [32m200 [0m1.248 ms - 114[0m
[0mHEAD / [32m200 [0m4.679 ms - 114[0m
[0mHEAD / [32m200 [0m2.788 ms - 114[0m
[0mHEAD / [32m200 [0m1.477 ms - 114[0m
[0mHEAD / [32m200 [0m1.553 ms - 114[0m
[0mHEAD / [32m200 [0m1.485 ms - 114[0m
[0mHEAD / [32m200 [0m4.185 ms - 114[0m
[0mHEAD / [32m200 [0m1.599 ms - 114[0m
[0mHEAD / [32m200 [0m1.385 ms - 114[0m
[0mHEAD / [32m200 [0m1.554 ms - 114[0m
[0mHEAD / [32m200 [0m1.500 ms - 114[0m
[0mHEAD / [32m200 [0m1.436 ms - 114[0m
[0mHEAD / [32m200 [0m1.567 ms - 114[0m
[0mHEAD / [32m200 [0m1.694 ms - 114[0m
[0mHEAD / [32m200 [0m1.490 ms - 114[0m
[0mHEAD / [32m200 [0m1.662 ms - 114[0m
[0mHEAD / [32m200 [0m1.756 ms - 114[0m
[0mHEAD / [32m200 [0m1.661 ms - 114[0m
[0mHEAD / [32m200 [0m1.649 ms - 114[0m
[0mHEAD / [32m200 [0m1.641 ms - 114[0m
[0mHEAD / [32m200 [0m0.441 ms - 114[0m
[0mHEAD / [32m200 [0m1.639 ms - 114[0m
[0mHEAD / [32m200 [0m1.694 ms - 114[0m
[0mHEAD / [32m200 [0m2.009 ms - 114[0m
[0mHEAD / [32m200 [0m1.592 ms - 114[0m
[0mHEAD / [32m200 [0m1.459 ms - 114[0m
[0mHEAD / [32m200 [0m1.534 ms - 114[0m
[0mHEAD / [32m200 [0m1.539 ms - 114[0m
[0mHEAD / [32m200 [0m1.641 ms - 114[0m
[0mHEAD / [32m200 [0m1.598 ms - 114[0m
[0mHEAD / [32m200 [0m1.585 ms - 114[0m
[0mHEAD / [32m200 [0m1.690 ms - 114[0m
[0mHEAD / [32m200 [0m1.384 ms - 114[0m
[0mHEAD / [32m200 [0m1.445 ms - 114[0m
[0mHEAD / [32m200 [0m1.502 ms - 114[0m
[0mHEAD / [32m200 [0m1.754 ms - 114[0m
[0mHEAD / [32m200 [0m1.788 ms - 114[0m
[0mHEAD / [32m200 [0m1.584 ms - 114[0m
[0mHEAD / [32m200 [0m1.528 ms - 114[0m
[0mHEAD / [32m200 [0m1.636 ms - 114[0m
[0mHEAD / [32m200 [0m1.514 ms - 114[0m
[0mHEAD / [32m200 [0m4.411 ms - 114[0m
[0mHEAD / [32m200 [0m1.513 ms - 114[0m
[0mHEAD / [32m200 [0m1.515 ms - 114[0m
[0mHEAD / [32m200 [0m1.525 ms - 114[0m
[0mHEAD / [32m200 [0m1.574 ms - 114[0m
[0mHEAD / [32m200 [0m1.499 ms - 114[0m
[0mHEAD / [32m200 [0m1.594 ms - 114[0m
[0mHEAD / [32m200 [0m1.220 ms - 114[0m
[0mHEAD / [32m200 [0m1.738 ms - 114[0m
[0mHEAD / [32m200 [0m1.535 ms - 114[0m
[0mHEAD / [32m200 [0m1.663 ms - 114[0m
[0mHEAD / [32m200 [0m1.617 ms - 114[0m
[0mHEAD / [32m200 [0m1.531 ms - 114[0m
[0mHEAD / [32m200 [0m1.509 ms - 114[0m
[0mHEAD / [32m200 [0m1.577 ms - 114[0m
[0mHEAD / [32m200 [0m1.551 ms - 114[0m
[0mHEAD / [32m200 [0m1.636 ms - 114[0m
[0mHEAD / [32m200 [0m1.596 ms - 114[0m
[0mHEAD / [32m200 [0m1.602 ms - 114[0m
[0mHEAD / [32m200 [0m3.662 ms - 114[0m
[0mHEAD / [32m200 [0m1.645 ms - 114[0m
[0mHEAD / [32m200 [0m1.887 ms - 114[0m
[0mHEAD / [32m200 [0m1.644 ms - 114[0m
[0mHEAD / [32m200 [0m2.651 ms - 114[0m
[0mHEAD / [32m200 [0m1.703 ms - 114[0m
[0mHEAD / [32m200 [0m1.356 ms - 114[0m
[0mHEAD / [32m200 [0m1.568 ms - 114[0m
[0mHEAD / [32m200 [0m1.533 ms - 114[0m
[0mHEAD / [32m200 [0m1.625 ms - 114[0m
[0mHEAD / [32m200 [0m1.515 ms - 114[0m
[0mHEAD / [32m200 [0m1.426 ms - 114[0m
[0mHEAD / [32m200 [0m0.752 ms - 114[0m
[0mHEAD / [32m200 [0m1.625 ms - 114[0m
[0mHEAD / [32m200 [0m0.363 ms - 114[0m
[0mHEAD / [32m200 [0m1.667 ms - 114[0m
[0mHEAD / [32m200 [0m1.561 ms - 114[0m
[0mHEAD / [32m200 [0m1.565 ms - 114[0m
[0mHEAD / [32m200 [0m1.502 ms - 114[0m
[0mHEAD / [32m200 [0m1.448 ms - 114[0m
[0mHEAD / [32m200 [0m1.549 ms - 114[0m
[0mHEAD / [32m200 [0m0.568 ms - 114[0m
[0mHEAD / [32m200 [0m1.485 ms - 114[0m
[0mHEAD / [32m200 [0m1.622 ms - 114[0m
[0mHEAD / [32m200 [0m1.543 ms - 114[0m
[0mHEAD / [32m200 [0m1.628 ms - 114[0m
[0mHEAD / [32m200 [0m1.524 ms - 114[0m
[0mHEAD / [32m200 [0m1.528 ms - 114[0m
[0mHEAD / [32m200 [0m1.705 ms - 114[0m
[0mHEAD / [32m200 [0m1.603 ms - 114[0m
[0mHEAD / [32m200 [0m1.227 ms - 114[0m
[0mHEAD / [32m200 [0m1.687 ms - 114[0m
[0mHEAD / [32m200 [0m1.830 ms - 114[0m
[0mHEAD / [32m200 [0m1.542 ms - 114[0m
[0mHEAD / [32m200 [0m1.965 ms - 114[0m
[0mHEAD / [32m200 [0m1.493 ms - 114[0m
[0mHEAD / [32m200 [0m4.197 ms - 114[0m
[0mHEAD / [32m200 [0m1.580 ms - 114[0m
[0mHEAD / [32m200 [0m1.599 ms - 114[0m
[0mHEAD / [32m200 [0m1.658 ms - 114[0m
[0mHEAD / [32m200 [0m1.511 ms - 114[0m
[0mHEAD / [32m200 [0m1.404 ms - 114[0m
[0mHEAD / [32m200 [0m1.562 ms - 114[0m
[0mHEAD / [32m200 [0m1.535 ms - 114[0m
[0mHEAD / [32m200 [0m1.654 ms - 114[0m
[0mHEAD / [32m200 [0m1.535 ms - 114[0m
[0mHEAD / [32m200 [0m1.690 ms - 114[0m
[0mHEAD / [32m200 [0m1.432 ms - 114[0m
[0mHEAD / [32m200 [0m1.493 ms - 114[0m
[0mHEAD / [32m200 [0m1.590 ms - 114[0m
[0mHEAD / [32m200 [0m1.588 ms - 114[0m
[0mHEAD / [32m200 [0m1.550 ms - 114[0m
[0mHEAD / [32m200 [0m1.584 ms - 114[0m
[0mHEAD / [32m200 [0m1.566 ms - 114[0m
[0mHEAD / [32m200 [0m1.459 ms - 114[0m
[0mHEAD / [32m200 [0m1.583 ms - 114[0m
[0mHEAD / [32m200 [0m1.612 ms - 114[0m
[0mHEAD / [32m200 [0m1.561 ms - 114[0m
[0mHEAD / [32m200 [0m1.586 ms - 114[0m
[0mHEAD / [32m200 [0m1.551 ms - 114[0m
[0mHEAD / [32m200 [0m4.744 ms - 114[0m
[0mHEAD / [32m200 [0m1.432 ms - 114[0m
[0mHEAD / [32m200 [0m1.547 ms - 114[0m
[0mHEAD / [32m200 [0m1.562 ms - 114[0m
[0mHEAD / [32m200 [0m1.563 ms - 114[0m
[0mHEAD / [32m200 [0m1.454 ms - 114[0m
[0mHEAD / [32m200 [0m1.538 ms - 114[0m
[0mHEAD / [32m200 [0m1.547 ms - 114[0m
[0mHEAD / [32m200 [0m1.502 ms - 114[0m
[0mHEAD / [32m200 [0m1.549 ms - 114[0m
[0mHEAD / [32m200 [0m1.561 ms - 114[0m
[0mHEAD / [32m200 [0m1.624 ms - 114[0m
[0mHEAD / [32m200 [0m1.553 ms - 114[0m
[0mHEAD / [32m200 [0m1.458 ms - 114[0m
[0mHEAD / [32m200 [0m1.442 ms - 114[0m
[0mHEAD / [32m200 [0m1.590 ms - 114[0m
[0mHEAD / [32m200 [0m1.552 ms - 114[0m
[0mHEAD / [32m200 [0m1.296 ms - 114[0m
[0mHEAD / [32m200 [0m1.542 ms - 114[0m
[0mHEAD / [32m200 [0m0.944 ms - 114[0m
[0mHEAD / [32m200 [0m1.450 ms - 114[0m
[0mHEAD / [32m200 [0m1.428 ms - 114[0m
[0mHEAD / [32m200 [0m1.387 ms - 114[0m
[0mHEAD / [32m200 [0m1.406 ms - 114[0m
[0mHEAD / [32m200 [0m1.421 ms - 114[0m
[0mHEAD / [32m200 [0m1.335 ms - 114[0m
[0mHEAD / [32m200 [0m1.426 ms - 114[0m
[0mHEAD / [32m200 [0m1.549 ms - 114[0m
[0mHEAD / [32m200 [0m1.414 ms - 114[0m
[0mHEAD / [32m200 [0m1.460 ms - 114[0m
[0mHEAD / [32m200 [0m1.438 ms - 114[0m
[0mHEAD / [32m200 [0m1.548 ms - 114[0m
[0mHEAD / [32m200 [0m3.732 ms - 114[0m
[0mHEAD / [32m200 [0m1.499 ms - 114[0m
[0mHEAD / [32m200 [0m1.456 ms - 114[0m
[0mHEAD / [32m200 [0m1.500 ms - 114[0m
[0mHEAD / [32m200 [0m1.542 ms - 114[0m
[0mHEAD / [32m200 [0m1.488 ms - 114[0m
[0mHEAD / [32m200 [0m1.509 ms - 114[0m
[0mHEAD / [32m200 [0m1.431 ms - 114[0m
[0mHEAD / [32m200 [0m1.432 ms - 114[0m
[0mHEAD / [32m200 [0m1.289 ms - 114[0m
[0mHEAD / [32m200 [0m1.302 ms - 114[0m
[0mHEAD / [32m200 [0m1.303 ms - 114[0m
[0mHEAD / [32m200 [0m1.292 ms - 114[0m
[0mHEAD / [32m200 [0m0.574 ms - 114[0m
[0mHEAD / [32m200 [0m1.495 ms - 114[0m
[0mHEAD / [32m200 [0m1.434 ms - 114[0m
[0mHEAD / [32m200 [0m1.421 ms - 114[0m
[0mHEAD / [32m200 [0m1.434 ms - 114[0m
[0mHEAD / [32m200 [0m1.543 ms - 114[0m
[0mHEAD / [32m200 [0m4.032 ms - 114[0m
[0mHEAD / [32m200 [0m1.531 ms - 114[0m
[0mHEAD / [32m200 [0m0.488 ms - 114[0m
[0mHEAD / [32m200 [0m1.517 ms - 114[0m
[0mHEAD / [32m200 [0m0.445 ms - 114[0m
[0mHEAD / [32m200 [0m1.520 ms - 114[0m
[0mHEAD / [32m200 [0m1.524 ms - 114[0m
[0mHEAD / [32m200 [0m1.483 ms - 114[0m
[0mHEAD / [32m200 [0m1.507 ms - 114[0m
[0mHEAD / [32m200 [0m1.425 ms - 114[0m
[0mHEAD / [32m200 [0m1.635 ms - 114[0m
[0mHEAD / [32m200 [0m1.652 ms - 114[0m
[0mHEAD / [32m200 [0m1.470 ms - 114[0m
[0mHEAD / [32m200 [0m1.522 ms - 114[0m
[0mHEAD / [32m200 [0m1.403 ms - 114[0m
[0mHEAD / [32m200 [0m1.301 ms - 114[0m
[0mHEAD / [32m200 [0m1.591 ms - 114[0m
[0mHEAD / [32m200 [0m1.373 ms - 114[0m
[0mHEAD / [32m200 [0m1.270 ms - 114[0m
[0mHEAD / [32m200 [0m3.423 ms - 114[0m
[0mHEAD / [32m200 [0m1.520 ms - 114[0m
[0mHEAD / [32m200 [0m1.471 ms - 114[0m
[0mHEAD / [32m200 [0m1.496 ms - 114[0m
[0mHEAD / [32m200 [0m1.458 ms - 114[0m
[0mHEAD / [32m200 [0m1.571 ms - 114[0m
[0mHEAD / [32m200 [0m1.458 ms - 114[0m
[0mHEAD / [32m200 [0m1.330 ms - 114[0m
[0mHEAD / [32m200 [0m1.317 ms - 114[0m
[0mHEAD / [32m200 [0m1.550 ms - 114[0m
[0mHEAD / [32m200 [0m1.414 ms - 114[0m
[0mHEAD / [32m200 [0m1.418 ms - 114[0m
[0mHEAD / [32m200 [0m1.467 ms - 114[0m
[0mHEAD / [32m200 [0m1.453 ms - 114[0m
[0mHEAD / [32m200 [0m1.511 ms - 114[0m
[0mHEAD / [32m200 [0m1.453 ms - 114[0m
[0mHEAD / [32m200 [0m1.450 ms - 114[0m
[0mHEAD / [32m200 [0m1.409 ms - 114[0m
[0mHEAD / [32m200 [0m1.495 ms - 114[0m
[0mHEAD / [32m200 [0m1.507 ms - 114[0m
[0mHEAD / [32m200 [0m1.791 ms - 114[0m
[0mHEAD / [32m200 [0m1.464 ms - 114[0m
[0mHEAD / [32m200 [0m1.519 ms - 114[0m
[0mHEAD / [32m200 [0m1.563 ms - 114[0m
[0mHEAD / [32m200 [0m2.209 ms - 114[0m
[0mHEAD / [32m200 [0m1.424 ms - 114[0m
[0mHEAD / [32m200 [0m1.447 ms - 114[0m
[0mHEAD / [32m200 [0m1.458 ms - 114[0m
[0mHEAD / [32m200 [0m1.443 ms - 114[0m
[0mHEAD / [32m200 [0m1.467 ms - 114[0m
[0mHEAD / [32m200 [0m1.413 ms - 114[0m
[0mHEAD / [32m200 [0m1.467 ms - 114[0m
[0mHEAD / [32m200 [0m1.480 ms - 114[0m
[0mHEAD / [32m200 [0m1.458 ms - 114[0m
[0mHEAD / [32m200 [0m0.702 ms - 114[0m
[0mHEAD / [32m200 [0m1.747 ms - 114[0m
[0mHEAD / [32m200 [0m1.359 ms - 114[0m
[0mHEAD / [32m200 [0m1.648 ms - 114[0m
[0mHEAD / [32m200 [0m1.467 ms - 114[0m
[0mGET / [32m200 [0m0.956 ms - 114[0m
[0mHEAD / [32m200 [0m0.452 ms - 114[0m
[0mHEAD / [32m200 [0m1.494 ms - 114[0m
[0mHEAD / [32m200 [0m1.404 ms - 114[0m
[0mHEAD / [32m200 [0m1.470 ms - 114[0m
[0mHEAD / [32m200 [0m1.459 ms - 114[0m
[0mHEAD / [32m200 [0m1.299 ms - 114[0m
[0mHEAD / [32m200 [0m1.427 ms - 114[0m
[0mHEAD / [32m200 [0m1.294 ms - 114[0m
[0mHEAD / [32m200 [0m1.388 ms - 114[0m
[0mHEAD / [32m200 [0m1.308 ms - 114[0m
[0mHEAD / [32m200 [0m1.459 ms - 114[0m
[0mHEAD / [32m200 [0m1.407 ms - 114[0m
[0mHEAD / [32m200 [0m0.506 ms - 114[0m
[0mHEAD / [32m200 [0m1.504 ms - 114[0m
[0mHEAD / [32m200 [0m1.451 ms - 114[0m
[0mHEAD / [32m200 [0m1.471 ms - 114[0m
[0mHEAD / [32m200 [0m1.416 ms - 114[0m
[0mHEAD / [32m200 [0m1.342 ms - 114[0m
[0mHEAD / [32m200 [0m1.358 ms - 114[0m
[0mHEAD / [32m200 [0m1.453 ms - 114[0m
[0mHEAD / [32m200 [0m1.407 ms - 114[0m
[0mHEAD / [32m200 [0m1.532 ms - 114[0m
[0mHEAD / [32m200 [0m1.455 ms - 114[0m
[0mHEAD / [32m200 [0m1.459 ms - 114[0m
[0mHEAD / [32m200 [0m1.442 ms - 114[0m
[0mHEAD / [32m200 [0m1.474 ms - 114[0m
[0mHEAD / [32m200 [0m1.338 ms - 114[0m
[0mHEAD / [32m200 [0m1.494 ms - 114[0m
[0mHEAD / [32m200 [0m1.389 ms - 114[0m
[0mHEAD / [32m200 [0m1.422 ms - 114[0m
[0mHEAD / [32m200 [0m1.417 ms - 114[0m
[0mHEAD / [32m200 [0m1.415 ms - 114[0m
[0mHEAD / [32m200 [0m1.520 ms - 114[0m
[0mHEAD / [32m200 [0m1.427 ms - 114[0m
[0mHEAD / [32m200 [0m1.437 ms - 114[0m
[0mHEAD / [32m200 [0m1.432 ms - 114[0m
[0mHEAD / [32m200 [0m1.521 ms - 114[0m
[0mHEAD / [32m200 [0m1.486 ms - 114[0m
[0mHEAD / [32m200 [0m1.412 ms - 114[0m
[0mHEAD / [32m200 [0m1.444 ms - 114[0m
[0mHEAD / [32m200 [0m1.422 ms - 114[0m
[0mHEAD / [32m200 [0m1.439 ms - 114[0m
[0mHEAD / [32m200 [0m1.533 ms - 114[0m
[0mHEAD / [32m200 [0m1.511 ms - 114[0m
[0mHEAD / [32m200 [0m1.463 ms - 114[0m
[0mHEAD / [32m200 [0m1.469 ms - 114[0m
[0mHEAD / [32m200 [0m1.580 ms - 114[0m
[0mHEAD / [32m200 [0m1.508 ms - 114[0m
[0mHEAD / [32m200 [0m1.936 ms - 114[0m
[0mHEAD / [32m200 [0m1.452 ms - 114[0m
[0mHEAD / [32m200 [0m1.536 ms - 114[0m
[0mHEAD / [32m200 [0m1.416 ms - 114[0m
[0mHEAD / [32m200 [0m1.422 ms - 114[0m
[0mHEAD / [32m200 [0m1.472 ms - 114[0m
[0mHEAD / [32m200 [0m0.438 ms - 114[0m
[0mHEAD / [32m200 [0m3.292 ms - 114[0m
[0mHEAD / [32m200 [0m1.441 ms - 114[0m
[0mHEAD / [32m200 [0m1.522 ms - 114[0m
[0mHEAD / [32m200 [0m1.524 ms - 114[0m
[0mHEAD / [32m200 [0m1.424 ms - 114[0m
[0mHEAD / [32m200 [0m0.401 ms - 114[0m
[0mHEAD / [32m200 [0m1.421 ms - 114[0m
[0mHEAD / [32m200 [0m1.468 ms - 114[0m
[0mHEAD / [32m200 [0m1.463 ms - 114[0m
[0mHEAD / [32m200 [0m2.820 ms - 114[0m
[0mHEAD / [32m200 [0m1.428 ms - 114[0m
[0mHEAD / [32m200 [0m1.467 ms - 114[0m
[0mHEAD / [32m200 [0m1.452 ms - 114[0m
[0mHEAD / [32m200 [0m1.440 ms - 114[0m
[0mHEAD / [32m200 [0m1.445 ms - 114[0m
[0mHEAD / [32m200 [0m1.475 ms - 114[0m
[0mHEAD / [32m200 [0m1.452 ms - 114[0m
[0mHEAD / [32m200 [0m1.341 ms - 114[0m
[0mHEAD / [32m200 [0m1.457 ms - 114[0m
[0mHEAD / [32m200 [0m1.478 ms - 114[0m
[0mHEAD / [32m200 [0m1.420 ms - 114[0m
[0mHEAD / [32m200 [0m1.379 ms - 114[0m
[0mHEAD / [32m200 [0m1.487 ms - 114[0m
[0mHEAD / [32m200 [0m1.553 ms - 114[0m
[0mHEAD / [32m200 [0m1.499 ms - 114[0m
[0mHEAD / [32m200 [0m1.466 ms - 114[0m
[0mHEAD / [32m200 [0m1.418 ms - 114[0m
[0mHEAD / [32m200 [0m0.471 ms - 114[0m
[0mHEAD / [32m200 [0m1.433 ms - 114[0m
[0mHEAD / [32m200 [0m1.439 ms - 114[0m
[0mHEAD / [32m200 [0m1.438 ms - 114[0m
[0mHEAD / [32m200 [0m1.349 ms - 114[0m
[0mHEAD / [32m200 [0m1.481 ms - 114[0m
[0mHEAD / [32m200 [0m1.486 ms - 114[0m
[0mHEAD / [32m200 [0m1.507 ms - 114[0m
[0mHEAD / [32m200 [0m1.479 ms - 114[0m
[0mHEAD / [32m200 [0m1.440 ms - 114[0m
[0mHEAD / [32m200 [0m1.416 ms - 114[0m
[0mHEAD / [32m200 [0m1.608 ms - 114[0m
[0mHEAD / [32m200 [0m0.629 ms - 114[0m
[0mHEAD / [32m200 [0m1.357 ms - 114[0m
[0mHEAD / [32m200 [0m1.405 ms - 114[0m
[0mHEAD / [32m200 [0m1.499 ms - 114[0m
[0mHEAD / [32m200 [0m1.541 ms - 114[0m
[0mHEAD / [32m200 [0m1.506 ms - 114[0m
[0mHEAD / [32m200 [0m1.029 ms - 114[0m
[0mHEAD / [32m200 [0m0.640 ms - 114[0m
[0mHEAD / [32m200 [0m1.448 ms - 114[0m
[0mHEAD / [32m200 [0m1.302 ms - 114[0m
[0mHEAD / [32m200 [0m0.417 ms - 114[0m
[0mHEAD / [32m200 [0m0.452 ms - 114[0m
[0mHEAD / [32m200 [0m1.528 ms - 114[0m
[0mHEAD / [32m200 [0m1.310 ms - 114[0m
[0mHEAD / [32m200 [0m1.417 ms - 114[0m
[0mHEAD / [32m200 [0m1.433 ms - 114[0m
[0mHEAD / [32m200 [0m1.412 ms - 114[0m
[0mHEAD / [32m200 [0m1.329 ms - 114[0m
[0mHEAD / [32m200 [0m3.630 ms - 114[0m
[0mHEAD / [32m200 [0m1.523 ms - 114[0m
[0mHEAD / [32m200 [0m1.537 ms - 114[0m
[0mHEAD / [32m200 [0m1.429 ms - 114[0m
[0mHEAD / [32m200 [0m1.465 ms - 114[0m
[0mHEAD / [32m200 [0m1.486 ms - 114[0m
[0mHEAD / [32m200 [0m1.449 ms - 114[0m
[0mHEAD / [32m200 [0m1.448 ms - 114[0m
[0mHEAD / [32m200 [0m1.529 ms - 114[0m
[0mHEAD / [32m200 [0m1.460 ms - 114[0m
[0mHEAD / [32m200 [0m1.450 ms - 114[0m
[0mHEAD / [32m200 [0m1.406 ms - 114[0m
[0mHEAD / [32m200 [0m1.457 ms - 114[0m
[0mHEAD / [32m200 [0m1.401 ms - 114[0m
[0mHEAD / [32m200 [0m1.342 ms - 114[0m
[0mHEAD / [32m200 [0m1.457 ms - 114[0m
[0mHEAD / [32m200 [0m1.509 ms - 114[0m
[0mHEAD / [32m200 [0m1.345 ms - 114[0m
[0mHEAD / [32m200 [0m1.451 ms - 114[0m
[0mHEAD / [32m200 [0m1.333 ms - 114[0m
[0mHEAD / [32m200 [0m1.453 ms - 114[0m
[0mHEAD / [32m200 [0m1.332 ms - 114[0m
[0mHEAD / [32m200 [0m1.405 ms - 114[0m
[0mHEAD / [32m200 [0m1.415 ms - 114[0m
[0mHEAD / [32m200 [0m1.432 ms - 114[0m
[0mHEAD / [32m200 [0m1.401 ms - 114[0m
[0mHEAD / [32m200 [0m0.940 ms - 114[0m
[0mHEAD / [32m200 [0m1.452 ms - 114[0m
[0mHEAD / [32m200 [0m1.454 ms - 114[0m
[0mHEAD / [32m200 [0m1.984 ms - 114[0m
[0mHEAD / [32m200 [0m0.986 ms - 114[0m
[0mHEAD / [32m200 [0m1.419 ms - 114[0m
[0mHEAD / [32m200 [0m1.439 ms - 114[0m
[0mHEAD / [32m200 [0m1.403 ms - 114[0m
[0mHEAD / [32m200 [0m1.343 ms - 114[0m
[0mHEAD / [32m200 [0m2.821 ms - 114[0m
[0mHEAD / [32m200 [0m1.387 ms - 114[0m
[0mHEAD / [32m200 [0m1.410 ms - 114[0m
[0mHEAD / [32m200 [0m1.449 ms - 114[0m
[0mHEAD / [32m200 [0m1.398 ms - 114[0m
[0mHEAD / [32m200 [0m1.470 ms - 114[0m
[0mHEAD / [32m200 [0m1.465 ms - 114[0m
[0mHEAD / [32m200 [0m1.471 ms - 114[0m
[0mHEAD / [32m200 [0m1.456 ms - 114[0m
[0mHEAD / [32m200 [0m1.483 ms - 114[0m
[0mHEAD / [32m200 [0m1.426 ms - 114[0m
[0mHEAD / [32m200 [0m1.516 ms - 114[0m
[0mHEAD / [32m200 [0m1.436 ms - 114[0m
[0mHEAD / [32m200 [0m1.438 ms - 114[0m
[0mHEAD / [32m200 [0m1.440 ms - 114[0m
[0mHEAD / [32m200 [0m1.429 ms - 114[0m
[0mHEAD / [32m200 [0m1.637 ms - 114[0m
[0mHEAD / [32m200 [0m1.133 ms - 114[0m
[0mHEAD / [32m200 [0m0.901 ms - 114[0m
[0mHEAD / [32m200 [0m1.458 ms - 114[0m
[0mHEAD / [32m200 [0m1.644 ms - 114[0m
[0mHEAD / [32m200 [0m3.803 ms - 114[0m
[0mHEAD / [32m200 [0m1.453 ms - 114[0m
[0mHEAD / [32m200 [0m1.487 ms - 114[0m
[0mHEAD / [32m200 [0m1.501 ms - 114[0m
[0mHEAD / [32m200 [0m1.493 ms - 114[0m
[0mHEAD / [32m200 [0m1.799 ms - 114[0m
[0mHEAD / [32m200 [0m1.438 ms - 114[0m
[0mHEAD / [32m200 [0m1.402 ms - 114[0m
[0mHEAD / [32m200 [0m0.597 ms - 114[0m
[0mHEAD / [32m200 [0m1.492 ms - 114[0m
[0mHEAD / [32m200 [0m0.381 ms - 114[0m
[0mHEAD / [32m200 [0m1.299 ms - 114[0m
[0mHEAD / [32m200 [0m1.458 ms - 114[0m
[0mHEAD / [32m200 [0m1.341 ms - 114[0m
[0mHEAD / [32m200 [0m1.460 ms - 114[0m
[0mHEAD / [32m200 [0m1.884 ms - 114[0m
[0mHEAD / [32m200 [0m1.444 ms - 114[0m
[0mHEAD / [32m200 [0m1.500 ms - 114[0m
[0mHEAD / [32m200 [0m1.449 ms - 114[0m
[0mHEAD / [32m200 [0m1.410 ms - 114[0m
[0mHEAD / [32m200 [0m3.498 ms - 114[0m
[0mHEAD / [32m200 [0m1.503 ms - 114[0m
[0mHEAD / [32m200 [0m1.444 ms - 114[0m
[0mHEAD / [32m200 [0m1.475 ms - 114[0m
[0mHEAD / [32m200 [0m1.408 ms - 114[0m
[0mHEAD / [32m200 [0m1.494 ms - 114[0m
[0mHEAD / [32m200 [0m1.426 ms - 114[0m
[0mHEAD / [32m200 [0m1.415 ms - 114[0m
[0mHEAD / [32m200 [0m0.750 ms - 114[0m
[0mHEAD / [32m200 [0m1.465 ms - 114[0m
[0mHEAD / [32m200 [0m1.303 ms - 114[0m
[0mHEAD / [32m200 [0m1.302 ms - 114[0m
[0mHEAD / [32m200 [0m1.361 ms - 114[0m
[0mHEAD / [32m200 [0m1.382 ms - 114[0m
[0mHEAD / [32m200 [0m1.456 ms - 114[0m
[0mHEAD / [32m200 [0m1.455 ms - 114[0m
[0mHEAD / [32m200 [0m0.511 ms - 114[0m
[0mHEAD / [32m200 [0m1.471 ms - 114[0m
[0mHEAD / [32m200 [0m1.555 ms - 114[0m
[0mHEAD / [32m200 [0m1.618 ms - 114[0m
[0mHEAD / [32m200 [0m0.539 ms - 114[0m
[0mHEAD / [32m200 [0m1.359 ms - 114[0m
[0mHEAD / [32m200 [0m1.344 ms - 114[0m
[0mHEAD / [32m200 [0m0.593 ms - 114[0m
[0mHEAD / [32m200 [0m1.317 ms - 114[0m
[0mHEAD / [32m200 [0m1.458 ms - 114[0m
[0mHEAD / [32m200 [0m1.485 ms - 114[0m
[0mHEAD / [32m200 [0m1.492 ms - 114[0m
[0mHEAD / [32m200 [0m1.315 ms - 114[0m
[0mHEAD / [32m200 [0m1.505 ms - 114[0m
[0mHEAD / [32m200 [0m1.447 ms - 114[0m
[0mHEAD / [32m200 [0m1.560 ms - 114[0m
[0mHEAD / [32m200 [0m0.504 ms - 114[0m
[0mHEAD / [32m200 [0m1.263 ms - 114[0m
[0mHEAD / [32m200 [0m1.411 ms - 114[0m
[0mHEAD / [32m200 [0m1.287 ms - 114[0m
[0mHEAD / [32m200 [0m1.337 ms - 114[0m
[0mHEAD / [32m200 [0m3.328 ms - 114[0m
[0mHEAD / [32m200 [0m1.517 ms - 114[0m
[0mHEAD / [32m200 [0m1.332 ms - 114[0m
[0mHEAD / [32m200 [0m1.321 ms - 114[0m
[0mHEAD / [32m200 [0m1.394 ms - 114[0m
[0mHEAD / [32m200 [0m1.315 ms - 114[0m
[0mHEAD / [32m200 [0m1.338 ms - 114[0m
[0mHEAD / [32m200 [0m1.384 ms - 114[0m
[0mHEAD / [32m200 [0m1.340 ms - 114[0m
[0mHEAD / [32m200 [0m1.336 ms - 114[0m
[0mHEAD / [32m200 [0m1.318 ms - 114[0m
[0mHEAD / [32m200 [0m1.290 ms - 114[0m
[0mHEAD / [32m200 [0m5.346 ms - 114[0m
[0mHEAD / [32m200 [0m1.266 ms - 114[0m
[0mHEAD / [32m200 [0m1.442 ms - 114[0m
[0mHEAD / [32m200 [0m1.442 ms - 114[0m
[0mHEAD / [32m200 [0m1.263 ms - 114[0m
[0mHEAD / [32m200 [0m1.335 ms - 114[0m
[0mHEAD / [32m200 [0m1.379 ms - 114[0m
[0mHEAD / [32m200 [0m3.417 ms - 114[0m
[0mHEAD / [32m200 [0m1.361 ms - 114[0m
[0mHEAD / [32m200 [0m1.560 ms - 114[0m
[0mHEAD / [32m200 [0m1.265 ms - 114[0m
[0mHEAD / [32m200 [0m1.458 ms - 114[0m
[0mHEAD / [32m200 [0m1.426 ms - 114[0m
[0mHEAD / [32m200 [0m1.701 ms - 114[0m
[0mHEAD / [32m200 [0m1.423 ms - 114[0m
[0mHEAD / [32m200 [0m1.597 ms - 114[0m
[0mHEAD / [32m200 [0m1.541 ms - 114[0m
[0mHEAD / [32m200 [0m1.863 ms - 114[0m
[0mHEAD / [32m200 [0m1.408 ms - 114[0m
[0mHEAD / [32m200 [0m1.436 ms - 114[0m
[0mHEAD / [32m200 [0m1.531 ms - 114[0m
[0mHEAD / [32m200 [0m1.528 ms - 114[0m
[0mHEAD / [32m200 [0m0.626 ms - 114[0m
[0mHEAD / [32m200 [0m0.450 ms - 114[0m
[0mHEAD / [32m200 [0m1.403 ms - 114[0m
[0mHEAD / [32m200 [0m1.608 ms - 114[0m
[0mHEAD / [32m200 [0m3.622 ms - 114[0m
[0mHEAD / [32m200 [0m1.418 ms - 114[0m
[0mHEAD / [32m200 [0m1.401 ms - 114[0m
[0mHEAD / [32m200 [0m1.539 ms - 114[0m
[0mHEAD / [32m200 [0m1.408 ms - 114[0m
[0mHEAD / [32m200 [0m1.444 ms - 114[0m
[0mHEAD / [32m200 [0m1.638 ms - 114[0m
[0mHEAD / [32m200 [0m1.550 ms - 114[0m
[0mHEAD / [32m200 [0m1.592 ms - 114[0m
[0mHEAD / [32m200 [0m1.450 ms - 114[0m
[0mHEAD / [32m200 [0m1.435 ms - 114[0m
[0mHEAD / [32m200 [0m1.552 ms - 114[0m
[0mHEAD / [32m200 [0m1.284 ms - 114[0m
[0mHEAD / [32m200 [0m1.554 ms - 114[0m
[0mHEAD / [32m200 [0m1.440 ms - 114[0m
[0mHEAD / [32m200 [0m1.457 ms - 114[0m
[0mHEAD / [32m200 [0m0.463 ms - 114[0m
[0mHEAD / [32m200 [0m1.510 ms - 114[0m
[0mHEAD / [32m200 [0m4.166 ms - 114[0m
[0mHEAD / [32m200 [0m1.340 ms - 114[0m
[0mHEAD / [32m200 [0m1.557 ms - 114[0m
[0mHEAD / [32m200 [0m1.299 ms - 114[0m
[0mHEAD / [32m200 [0m0.801 ms - 114[0m
[0mHEAD / [32m200 [0m1.450 ms - 114[0m
[0mHEAD / [32m200 [0m1.438 ms - 114[0m
[0mHEAD / [32m200 [0m1.387 ms - 114[0m
[0mHEAD / [32m200 [0m1.355 ms - 114[0m
[0mHEAD / [32m200 [0m1.402 ms - 114[0m
[0mHEAD / [32m200 [0m1.448 ms - 114[0m
[0mHEAD / [32m200 [0m1.397 ms - 114[0m
[0mHEAD / [32m200 [0m1.514 ms - 114[0m
[0mHEAD / [32m200 [0m0.445 ms - 114[0m
[0mHEAD / [32m200 [0m1.280 ms - 114[0m
[0mHEAD / [32m200 [0m1.413 ms - 114[0m
[0mHEAD / [32m200 [0m1.402 ms - 114[0m
[0mHEAD / [32m200 [0m1.507 ms - 114[0m
[0mHEAD / [32m200 [0m1.544 ms - 114[0m
[0mHEAD / [32m200 [0m1.564 ms - 114[0m
