[
    {
        "Id": "9306fbab2b40585a9ec4d6f5ac3fb37fea2bb0812a9c7047d4e0a92d8dfd1140",
        "Created": "2019-12-25T18:38:39.392694278Z",
        "Path": "/init",
        "Args": [],
        "State": {
            "Status": "running",
            "Running": true,
            "Paused": false,
            "Restarting": false,
            "OOMKilled": false,
            "Dead": false,
            "Pid": 16109,
            "ExitCode": 0,
            "Error": "",
            "StartedAt": "2019-12-25T18:39:58.986124546Z",
            "FinishedAt": "2019-12-25T18:39:48.137070426Z"
        },
        "Image": "sha256:200722dd41f843074b478638042c91aad6151a8d2b75228f590d6dfe2930fc21",
        "ResolvConfPath": "/var/lib/docker/containers/9306fbab2b40585a9ec4d6f5ac3fb37fea2bb0812a9c7047d4e0a92d8dfd1140/resolv.conf",
        "HostnamePath": "/var/lib/docker/containers/9306fbab2b40585a9ec4d6f5ac3fb37fea2bb0812a9c7047d4e0a92d8dfd1140/hostname",
        "HostsPath": "/var/lib/docker/containers/9306fbab2b40585a9ec4d6f5ac3fb37fea2bb0812a9c7047d4e0a92d8dfd1140/hosts",
        "LogPath": "/var/lib/docker/containers/9306fbab2b40585a9ec4d6f5ac3fb37fea2bb0812a9c7047d4e0a92d8dfd1140/9306fbab2b40585a9ec4d6f5ac3fb37fea2bb0812a9c7047d4e0a92d8dfd1140-json.log",
        "Name": "/ha",
        "RestartCount": 0,
        "Driver": "overlay2",
        "Platform": "linux",
        "MountLabel": "",
        "ProcessLabel": "",
        "AppArmorProfile": "docker-default",
        "ExecIDs": null,
        "HostConfig": {
            "Binds": [],
            "ContainerIDFile": "",
            "LogConfig": {
                "Type": "json-file",
                "Config": {}
            },
            "NetworkMode": "teachingheigvdait2019labodocker_heig",
            "PortBindings": {
                "1936/tcp": [
                    {
                        "HostIp": "",
                        "HostPort": "1936"
                    }
                ],
                "80/tcp": [
                    {
                        "HostIp": "",
                        "HostPort": "80"
                    }
                ],
                "9999/tcp": [
                    {
                        "HostIp": "",
                        "HostPort": "9999"
                    }
                ]
            },
            "RestartPolicy": {
                "Name": "",
                "MaximumRetryCount": 0
            },
            "AutoRemove": false,
            "VolumeDriver": "",
            "VolumesFrom": [],
            "CapAdd": null,
            "CapDrop": null,
            "Capabilities": null,
            "Dns": null,
            "DnsOptions": null,
            "DnsSearch": null,
            "ExtraHosts": null,
            "GroupAdd": null,
            "IpcMode": "shareable",
            "Cgroup": "",
            "Links": null,
            "OomScoreAdj": 0,
            "PidMode": "",
            "Privileged": false,
            "PublishAllPorts": false,
            "ReadonlyRootfs": false,
            "SecurityOpt": null,
            "UTSMode": "",
            "UsernsMode": "",
            "ShmSize": 67108864,
            "Runtime": "runc",
            "ConsoleSize": [
                0,
                0
            ],
            "Isolation": "",
            "CpuShares": 0,
            "Memory": 0,
            "NanoCpus": 0,
            "CgroupParent": "",
            "BlkioWeight": 0,
            "BlkioWeightDevice": null,
            "BlkioDeviceReadBps": null,
            "BlkioDeviceWriteBps": null,
            "BlkioDeviceReadIOps": null,
            "BlkioDeviceWriteIOps": null,
            "CpuPeriod": 0,
            "CpuQuota": 0,
            "CpuRealtimePeriod": 0,
            "CpuRealtimeRuntime": 0,
            "CpusetCpus": "",
            "CpusetMems": "",
            "Devices": null,
            "DeviceCgroupRules": null,
            "DeviceRequests": null,
            "KernelMemory": 0,
            "KernelMemoryTCP": 0,
            "MemoryReservation": 0,
            "MemorySwap": 0,
            "MemorySwappiness": null,
            "OomKillDisable": false,
            "PidsLimit": null,
            "Ulimits": null,
            "CpuCount": 0,
            "CpuPercent": 0,
            "IOMaximumIOps": 0,
            "IOMaximumBandwidth": 0,
            "MaskedPaths": [
                "/proc/asound",
                "/proc/acpi",
                "/proc/kcore",
                "/proc/keys",
                "/proc/latency_stats",
                "/proc/timer_list",
                "/proc/timer_stats",
                "/proc/sched_debug",
                "/proc/scsi",
                "/sys/firmware"
            ],
            "ReadonlyPaths": [
                "/proc/bus",
                "/proc/fs",
                "/proc/irq",
                "/proc/sys",
                "/proc/sysrq-trigger"
            ]
        },
        "GraphDriver": {
            "Data": {
                "LowerDir": "/var/lib/docker/overlay2/dabbd12432422790b9c025ce7a43c1cff09fe15033a08e7a582fb6329c36f5a3-init/diff:/var/lib/docker/overlay2/985f10e63517ac4a6727b7e32b6f7c14960ee44d50467a765846360e485b4562/diff:/var/lib/docker/overlay2/44b40b82e23ffac811bdbb7f75dcc1dea1a8cef1e6d30454343a8eed0420e560/diff:/var/lib/docker/overlay2/6e998cbe70fa689468f8f7b9b9bb8e40207c46263b57a0abac3598fa7c2b31c8/diff:/var/lib/docker/overlay2/2b54e92f96cb87c0eb57f855520c24b8685823943a583ae7b625d53f8e87b2ab/diff:/var/lib/docker/overlay2/c2901c715db52d9cc94ab0bcdeebdba0141f45b8ddf6bfea2b77e55632a494e7/diff:/var/lib/docker/overlay2/917245a5cd33c69681fa411b5c4c37053b277296f67cb3e95736424ef73a9454/diff:/var/lib/docker/overlay2/eb2b256a13d82447d6460c42d45f0ecf2f0d049aa666faa01d92f260bbf5eece/diff:/var/lib/docker/overlay2/4db151a9d82bd0120d42f880c5f16cf5ecf3d9ac84806123021a62d44025e0d6/diff:/var/lib/docker/overlay2/57353f2cdb40cb78037911a60e6a8f494ccc583be74b760b404b74213575f59e/diff:/var/lib/docker/overlay2/8cb339ae96bc376a2fa82c9d5f960ed34d4e5693343097fedcd882a104532dae/diff:/var/lib/docker/overlay2/419e90543e0130c1f99d5bf5983d68b828f83c995c321f1639d494202b48bb7b/diff:/var/lib/docker/overlay2/e92f677599a876e85e453129771c2c3dcfc8ef69d1e5aacd980013a3d6978872/diff:/var/lib/docker/overlay2/2dc2d9c87dea80f5803178b7985b87f23e4ecfbedc022fe7432b09972eb2b99a/diff:/var/lib/docker/overlay2/c119bf645344e4acedc75507f386b8065675ed818b24105e3dd793bbc53b19b0/diff:/var/lib/docker/overlay2/b115b4ed5a6691f0e31ba1be28f2f2e5f45ba69d7439641be358093a2d2dbf06/diff:/var/lib/docker/overlay2/ad24e6e433d06772e6046d099af8d7a6ec5a65dd7af7f13da0c6b1027feb6080/diff:/var/lib/docker/overlay2/6fd86f4f298af651254145b1cc22e3a4c28e63fe7ec0195f8ccfb2b8033c2ac7/diff:/var/lib/docker/overlay2/ee374c5a33c83f65140aec33d02f02ea6f57cc06dcceea5c47b0d808d4708967/diff:/var/lib/docker/overlay2/3a4e68a6c4c0b5fc9262a4119461da7b039ec4bcc4b91ac3c6b936c9677867ee/diff:/var/lib/docker/overlay2/5b63b9623523e9dc797dabd6f30268d843a5324d25bd905fbfc9427c207b8be5/diff:/var/lib/docker/overlay2/f793568fd01b4b062de7ed867e786cb92cbb29dd35bd2b1a3308502922106c9a/diff",
                "MergedDir": "/var/lib/docker/overlay2/dabbd12432422790b9c025ce7a43c1cff09fe15033a08e7a582fb6329c36f5a3/merged",
                "UpperDir": "/var/lib/docker/overlay2/dabbd12432422790b9c025ce7a43c1cff09fe15033a08e7a582fb6329c36f5a3/diff",
                "WorkDir": "/var/lib/docker/overlay2/dabbd12432422790b9c025ce7a43c1cff09fe15033a08e7a582fb6329c36f5a3/work"
            },
            "Name": "overlay2"
        },
        "Mounts": [],
        "Config": {
            "Hostname": "9306fbab2b40",
            "Domainname": "",
            "User": "",
            "AttachStdin": false,
            "AttachStdout": false,
            "AttachStderr": false,
            "ExposedPorts": {
                "1936/tcp": {},
                "7373/tcp": {},
                "7946/tcp": {},
                "80/tcp": {},
                "9999/tcp": {}
            },
            "Tty": false,
            "OpenStdin": false,
            "StdinOnce": false,
            "Env": [
                "WEBAPP_2_IP=192.168.42.22",
                "WEBAPP_1_IP=192.168.42.11",
                "PATH=/usr/local/sbin:/usr/local/bin:/usr/sbin:/usr/bin:/sbin:/bin",
                "HAPROXY_VERSION=1.5.19",
                "HAPROXY_URL=https://www.haproxy.org/download/1.5/src/haproxy-1.5.19.tar.gz",
                "HAPROXY_SHA256=e00ae2a633da614967f2e3ebebdb817ec537cba8383b833fc8d9a506876e0d5e",
                "ROLE=balancer"
            ],
            "Cmd": null,
            "Image": "teachingheigvdait2019labodocker_haproxy",
            "Volumes": null,
            "WorkingDir": "",
            "Entrypoint": [
                "/init"
            ],
            "OnBuild": null,
            "Labels": {
                "com.docker.compose.config-hash": "04212e20220026eaab4bee7f7c0b3634731de38e596aa608df67767724abff80",
                "com.docker.compose.container-number": "1",
                "com.docker.compose.oneoff": "False",
                "com.docker.compose.project": "teachingheigvdait2019labodocker",
                "com.docker.compose.service": "haproxy",
                "com.docker.compose.version": "1.17.1"
            },
            "StopSignal": "SIGUSR1"
        },
        "NetworkSettings": {
            "Bridge": "",
            "SandboxID": "a4be65e4b4a9b875260ea529c9ed4733fbe64946c546cb50cd8df6d90ef3e9fb",
            "HairpinMode": false,
            "LinkLocalIPv6Address": "",
            "LinkLocalIPv6PrefixLen": 0,
            "Ports": {
                "1936/tcp": [
                    {
                        "HostIp": "0.0.0.0",
                        "HostPort": "1936"
                    }
                ],
                "7373/tcp": null,
                "7946/tcp": null,
                "80/tcp": [
                    {
                        "HostIp": "0.0.0.0",
                        "HostPort": "80"
                    }
                ],
                "9999/tcp": [
                    {
                        "HostIp": "0.0.0.0",
                        "HostPort": "9999"
                    }
                ]
            },
            "SandboxKey": "/var/run/docker/netns/a4be65e4b4a9",
            "SecondaryIPAddresses": null,
            "SecondaryIPv6Addresses": null,
            "EndpointID": "",
            "Gateway": "",
            "GlobalIPv6Address": "",
            "GlobalIPv6PrefixLen": 0,
            "IPAddress": "",
            "IPPrefixLen": 0,
            "IPv6Gateway": "",
            "MacAddress": "",
            "Networks": {
                "teachingheigvdait2019labodocker_heig": {
                    "IPAMConfig": {
                        "IPv4Address": "192.168.42.42"
                    },
                    "Links": null,
                    "Aliases": [
                        "haproxy",
                        "9306fbab2b40"
                    ],
                    "NetworkID": "69a221fb523ff2215b212559d711037ddf7440c0717b512f3b21dbf4b5abcc50",
                    "EndpointID": "f25a0ecb3f4285bd40a85ebf4b7d58a0aadf640b6b23d9f453d62f0b0ca2a7f0",
                    "Gateway": "192.168.42.1",
                    "IPAddress": "192.168.42.42",
                    "IPPrefixLen": 24,
                    "IPv6Gateway": "",
                    "GlobalIPv6Address": "",
                    "GlobalIPv6PrefixLen": 0,
                    "MacAddress": "02:42:c0:a8:2a:2a",
                    "DriverOpts": null
                }
            }
        }
    }
]
