[
    {
        "Id": "74ef95d3f2397fcc31a4dc4116b1c611878ab64a71b8eb9b4e44ffe05e3a3a53",
        "Created": "2019-12-25T18:02:11.49684559Z",
        "Path": "/init",
        "Args": [],
        "State": {
            "Status": "running",
            "Running": true,
            "Paused": false,
            "Restarting": false,
            "OOMKilled": false,
            "Dead": false,
            "Pid": 9578,
            "ExitCode": 0,
            "Error": "",
            "StartedAt": "2019-12-25T18:02:12.615109519Z",
            "FinishedAt": "0001-01-01T00:00:00Z"
        },
        "Image": "sha256:837b2e4b88a3dd3dc5cb2e54d454639641d89c0b593ea37fc0a4136bc46ba7d9",
        "ResolvConfPath": "/var/lib/docker/containers/74ef95d3f2397fcc31a4dc4116b1c611878ab64a71b8eb9b4e44ffe05e3a3a53/resolv.conf",
        "HostnamePath": "/var/lib/docker/containers/74ef95d3f2397fcc31a4dc4116b1c611878ab64a71b8eb9b4e44ffe05e3a3a53/hostname",
        "HostsPath": "/var/lib/docker/containers/74ef95d3f2397fcc31a4dc4116b1c611878ab64a71b8eb9b4e44ffe05e3a3a53/hosts",
        "LogPath": "/var/lib/docker/containers/74ef95d3f2397fcc31a4dc4116b1c611878ab64a71b8eb9b4e44ffe05e3a3a53/74ef95d3f2397fcc31a4dc4116b1c611878ab64a71b8eb9b4e44ffe05e3a3a53-json.log",
        "Name": "/s2",
        "RestartCount": 0,
        "Driver": "overlay2",
        "Platform": "linux",
        "MountLabel": "",
        "ProcessLabel": "",
        "AppArmorProfile": "docker-default",
        "ExecIDs": null,
        "HostConfig": {
            "Binds": [],
            "ContainerIDFile": "",
            "LogConfig": {
                "Type": "json-file",
                "Config": {}
            },
            "NetworkMode": "teachingheigvdait2019labodocker_heig",
            "PortBindings": {
                "3000/tcp": [
                    {
                        "HostIp": "",
                        "HostPort": "4001"
                    }
                ]
            },
            "RestartPolicy": {
                "Name": "",
                "MaximumRetryCount": 0
            },
            "AutoRemove": false,
            "VolumeDriver": "",
            "VolumesFrom": [],
            "CapAdd": null,
            "CapDrop": null,
            "Capabilities": null,
            "Dns": null,
            "DnsOptions": null,
            "DnsSearch": null,
            "ExtraHosts": null,
            "GroupAdd": null,
            "IpcMode": "shareable",
            "Cgroup": "",
            "Links": null,
            "OomScoreAdj": 0,
            "PidMode": "",
            "Privileged": false,
            "PublishAllPorts": false,
            "ReadonlyRootfs": false,
            "SecurityOpt": null,
            "UTSMode": "",
            "UsernsMode": "",
            "ShmSize": 67108864,
            "Runtime": "runc",
            "ConsoleSize": [
                0,
                0
            ],
            "Isolation": "",
            "CpuShares": 0,
            "Memory": 0,
            "NanoCpus": 0,
            "CgroupParent": "",
            "BlkioWeight": 0,
            "BlkioWeightDevice": null,
            "BlkioDeviceReadBps": null,
            "BlkioDeviceWriteBps": null,
            "BlkioDeviceReadIOps": null,
            "BlkioDeviceWriteIOps": null,
            "CpuPeriod": 0,
            "CpuQuota": 0,
            "CpuRealtimePeriod": 0,
            "CpuRealtimeRuntime": 0,
            "CpusetCpus": "",
            "CpusetMems": "",
            "Devices": null,
            "DeviceCgroupRules": null,
            "DeviceRequests": null,
            "KernelMemory": 0,
            "KernelMemoryTCP": 0,
            "MemoryReservation": 0,
            "MemorySwap": 0,
            "MemorySwappiness": null,
            "OomKillDisable": false,
            "PidsLimit": null,
            "Ulimits": null,
            "CpuCount": 0,
            "CpuPercent": 0,
            "IOMaximumIOps": 0,
            "IOMaximumBandwidth": 0,
            "MaskedPaths": [
                "/proc/asound",
                "/proc/acpi",
                "/proc/kcore",
                "/proc/keys",
                "/proc/latency_stats",
                "/proc/timer_list",
                "/proc/timer_stats",
                "/proc/sched_debug",
                "/proc/scsi",
                "/sys/firmware"
            ],
            "ReadonlyPaths": [
                "/proc/bus",
                "/proc/fs",
                "/proc/irq",
                "/proc/sys",
                "/proc/sysrq-trigger"
            ]
        },
        "GraphDriver": {
            "Data": {
                "LowerDir": "/var/lib/docker/overlay2/513d211eb0c3ea2cc424e39922a558f70ec548d34269c9355be598aab3bee5be-init/diff:/var/lib/docker/overlay2/9a7501a881fcfe56db75746790c38b0e5788bd33f086529e3c36e8158fc561db/diff:/var/lib/docker/overlay2/4c4eb2a94cad5b393090f46b467425353e54e57273ddac32627d0407e8ae5ae8/diff:/var/lib/docker/overlay2/6a77bcd5381a45c0698fa8dc694c06ebe38f998752f79367f1b08fc78ffaf2a6/diff:/var/lib/docker/overlay2/1929cbe5affa49508984bf48942075f92841071602a22b6408af4271f6430940/diff:/var/lib/docker/overlay2/39355a108d12b729028acc8b8707b70aa049daba9a5c6586ec8264b3643e9762/diff:/var/lib/docker/overlay2/027071de0620cad75338daa77633e521f88e42e33e0e23825fa61ac21f0886b7/diff:/var/lib/docker/overlay2/33eeb63d0507f5d8117e5480708a3da909d54f25b3013ebe663e2ab0e7c41de0/diff:/var/lib/docker/overlay2/cbd3ecfa804407f31dab909fec54d3f8f643c06d81c4b2070593177bdf7d6b96/diff:/var/lib/docker/overlay2/911a0f3b45268051f9920776547ad1dd03114fe8789064d410d2cf1fbe12fc64/diff:/var/lib/docker/overlay2/fc390e21ca1c480be3b171c37783c7b0f0186335b38abff823a9095754702c63/diff:/var/lib/docker/overlay2/dbd7283c53c3c0a6a8e3acd51f77488d5badb4bdab96b21c98f091e23e78a134/diff:/var/lib/docker/overlay2/41e655646c7735d176a5db763917ce2e7b885892e5dec7ba87a4500d652a92ce/diff:/var/lib/docker/overlay2/45a94051e0d05c3ec35abd360035d3be427032f7c78644269b6be8d49ebb4732/diff:/var/lib/docker/overlay2/20d80152b6708057847221ba1e9d066e45d138939f084f2ec8e31d971c801d1d/diff:/var/lib/docker/overlay2/eb1b1b3bc02b0e1609707d48a69206770277f51ef9c11c16ae91d883218b97ba/diff:/var/lib/docker/overlay2/b0c03efe9047f136c04fb7c5ebf8ffc39671c3b4bcc546d5c97d9cf436d8dbc7/diff:/var/lib/docker/overlay2/823c7d8d01d1bd4e3f313939f975a36818957b8319f9e1043e86b55fc4d8e628/diff:/var/lib/docker/overlay2/68209fefe79d1623851be4b7c978d1b7d6b6e6bde0abef1daa81f028831a5b55/diff:/var/lib/docker/overlay2/aa521aa94b45bcff584e58f16cfb35f9d32c55153dd613f8f7474d67ee5b9d8e/diff",
                "MergedDir": "/var/lib/docker/overlay2/513d211eb0c3ea2cc424e39922a558f70ec548d34269c9355be598aab3bee5be/merged",
                "UpperDir": "/var/lib/docker/overlay2/513d211eb0c3ea2cc424e39922a558f70ec548d34269c9355be598aab3bee5be/diff",
                "WorkDir": "/var/lib/docker/overlay2/513d211eb0c3ea2cc424e39922a558f70ec548d34269c9355be598aab3bee5be/work"
            },
            "Name": "overlay2"
        },
        "Mounts": [],
        "Config": {
            "Hostname": "74ef95d3f239",
            "Domainname": "",
            "User": "",
            "AttachStdin": false,
            "AttachStdout": false,
            "AttachStderr": false,
            "ExposedPorts": {
                "3000/tcp": {},
                "7373/tcp": {},
                "7946/tcp": {}
            },
            "Tty": false,
            "OpenStdin": false,
            "StdinOnce": false,
            "Env": [
                "TAG=s2",
                "SERVER_IP=192.168.42.22",
                "PATH=/usr/local/sbin:/usr/local/bin:/usr/sbin:/usr/bin:/sbin:/bin",
                "NODE_VERSION=13.2.0",
                "YARN_VERSION=1.19.1",
                "ROLE=backend"
            ],
            "Cmd": null,
            "Image": "teachingheigvdait2019labodocker_webapp2",
            "Volumes": null,
            "WorkingDir": "",
            "Entrypoint": [
                "/init"
            ],
            "OnBuild": null,
            "Labels": {
                "com.docker.compose.config-hash": "742c4fa219018b7ce1bf123f408a94046a7c979e3a47b080bc56ee53f9f7d6b6",
                "com.docker.compose.container-number": "1",
                "com.docker.compose.oneoff": "False",
                "com.docker.compose.project": "teachingheigvdait2019labodocker",
                "com.docker.compose.service": "webapp2",
                "com.docker.compose.version": "1.17.1"
            }
        },
        "NetworkSettings": {
            "Bridge": "",
            "SandboxID": "ad1daebfaa12f74dd8dbb9995d6b47a81c4e0fa1566c0afc081a31b7112588bb",
            "HairpinMode": false,
            "LinkLocalIPv6Address": "",
            "LinkLocalIPv6PrefixLen": 0,
            "Ports": {
                "3000/tcp": [
                    {
                        "HostIp": "0.0.0.0",
                        "HostPort": "4001"
                    }
                ],
                "7373/tcp": null,
                "7946/tcp": null
            },
            "SandboxKey": "/var/run/docker/netns/ad1daebfaa12",
            "SecondaryIPAddresses": null,
            "SecondaryIPv6Addresses": null,
            "EndpointID": "",
            "Gateway": "",
            "GlobalIPv6Address": "",
            "GlobalIPv6PrefixLen": 0,
            "IPAddress": "",
            "IPPrefixLen": 0,
            "IPv6Gateway": "",
            "MacAddress": "",
            "Networks": {
                "teachingheigvdait2019labodocker_heig": {
                    "IPAMConfig": {
                        "IPv4Address": "192.168.42.22"
                    },
                    "Links": null,
                    "Aliases": [
                        "webapp2",
                        "74ef95d3f239"
                    ],
                    "NetworkID": "69a221fb523ff2215b212559d711037ddf7440c0717b512f3b21dbf4b5abcc50",
                    "EndpointID": "ccaba081bbc05da7fe1986a3e265102a81e78da7181afbb9e19280160c67d0a8",
                    "Gateway": "192.168.42.1",
                    "IPAddress": "192.168.42.22",
                    "IPPrefixLen": 24,
                    "IPv6Gateway": "",
                    "GlobalIPv6Address": "",
                    "GlobalIPv6PrefixLen": 0,
                    "MacAddress": "02:42:c0:a8:2a:16",
                    "DriverOpts": null
                }
            }
        }
    }
]
